2024-03-26 12:21:25,130 - n = 10.0000
2024-03-26 12:21:25,130 - F1 Score = 0.0013
2024-03-26 12:21:25,130 - Precision = 1.0000
2024-03-26 12:21:25,130 - Recall = 0.0007
2024-03-26 12:27:31,106 - n = 15.0000
2024-03-26 12:27:31,106 - F1 Score = 0.0013
2024-03-26 12:27:31,106 - Precision = 1.0000
2024-03-26 12:27:31,106 - Recall = 0.0007
2024-03-26 12:32:39,746 - n = 20.0000
2024-03-26 12:32:39,746 - F1 Score = 0.0013
2024-03-26 12:32:39,746 - Precision = 1.0000
2024-03-26 12:32:39,746 - Recall = 0.0007
2024-03-26 12:35:52,746 - n = 25.0000
2024-03-26 12:35:52,746 - F1 Score = 0.0040
2024-03-26 12:35:52,746 - Precision = 1.0000
2024-03-26 12:35:52,746 - Recall = 0.0020
2024-03-26 12:38:47,649 - n = 30.0000
2024-03-26 12:38:47,649 - F1 Score = 0.0067
2024-03-26 12:38:47,649 - Precision = 1.0000
2024-03-26 12:38:47,649 - Recall = 0.0034
2024-03-26 12:41:45,804 - n = 35.0000
2024-03-26 12:41:45,804 - F1 Score = 0.0080
2024-03-26 12:41:45,804 - Precision = 1.0000
2024-03-26 12:41:45,804 - Recall = 0.0040
2024-03-26 12:44:47,815 - n = 40.0000
2024-03-26 12:44:47,815 - F1 Score = 0.0094
2024-03-26 12:44:47,815 - Precision = 1.0000
2024-03-26 12:44:47,815 - Recall = 0.0047
2024-03-26 12:48:20,806 - n = 45.0000
2024-03-26 12:48:20,806 - F1 Score = 0.0127
2024-03-26 12:48:20,807 - Precision = 1.0000
2024-03-26 12:48:20,807 - Recall = 0.0064
2024-03-26 12:50:58,200 - n = 50.0000
2024-03-26 12:50:58,200 - F1 Score = 0.0147
2024-03-26 12:50:58,200 - Precision = 1.0000
2024-03-26 12:50:58,200 - Recall = 0.0074
2024-03-26 12:54:10,134 - n = 55.0000
2024-03-26 12:54:10,134 - F1 Score = 0.0140
2024-03-26 12:54:10,134 - Precision = 1.0000
2024-03-26 12:54:10,134 - Recall = 0.0071
2024-03-26 12:57:17,206 - n = 60.0000
2024-03-26 12:57:17,206 - F1 Score = 0.0127
2024-03-26 12:57:17,206 - Precision = 1.0000
2024-03-26 12:57:17,206 - Recall = 0.0064
2024-03-26 13:00:07,919 - n = 65.0000
2024-03-26 13:00:07,919 - F1 Score = 0.0127
2024-03-26 13:00:07,919 - Precision = 1.0000
2024-03-26 13:00:07,919 - Recall = 0.0064
2024-03-26 13:03:43,149 - n = 70.0000
2024-03-26 13:03:43,150 - F1 Score = 0.0114
2024-03-26 13:03:43,150 - Precision = 1.0000
2024-03-26 13:03:43,150 - Recall = 0.0057
2024-03-26 13:06:49,209 - n = 75.0000
2024-03-26 13:06:49,209 - F1 Score = 0.0094
2024-03-26 13:06:49,209 - Precision = 1.0000
2024-03-26 13:06:49,209 - Recall = 0.0047
2024-03-26 13:09:52,592 - n = 80.0000
2024-03-26 13:09:52,592 - F1 Score = 0.0154
2024-03-26 13:09:52,592 - Precision = 1.0000
2024-03-26 13:09:52,592 - Recall = 0.0077
2024-03-26 13:11:36,302 - n = 85.0000
2024-03-26 13:11:36,302 - F1 Score = 0.0127
2024-03-26 13:11:36,302 - Precision = 1.0000
2024-03-26 13:11:36,302 - Recall = 0.0064
2024-03-26 13:14:03,232 - n = 90.0000
2024-03-26 13:14:03,232 - F1 Score = 0.0180
2024-03-26 13:14:03,232 - Precision = 1.0000
2024-03-26 13:14:03,232 - Recall = 0.0091
2024-03-26 13:15:35,429 - n = 95.0000
2024-03-26 13:15:35,430 - F1 Score = 0.0207
2024-03-26 13:15:35,430 - Precision = 1.0000
2024-03-26 13:15:35,430 - Recall = 0.0104
2024-03-26 13:17:02,977 - n = 100.0000
2024-03-26 13:17:02,977 - F1 Score = 0.0167
2024-03-26 13:17:02,977 - Precision = 1.0000
2024-03-26 13:17:02,977 - Recall = 0.0084
2024-03-26 13:18:23,897 - n = 105.0000
2024-03-26 13:18:23,897 - F1 Score = 0.0207
2024-03-26 13:18:23,897 - Precision = 1.0000
2024-03-26 13:18:23,897 - Recall = 0.0104
2024-03-26 13:20:23,829 - n = 110.0000
2024-03-26 13:20:23,829 - F1 Score = 0.0220
2024-03-26 13:20:23,829 - Precision = 1.0000
2024-03-26 13:20:23,829 - Recall = 0.0111
2024-03-26 13:22:53,251 - n = 115.0000
2024-03-26 13:22:53,252 - F1 Score = 0.0246
2024-03-26 13:22:53,252 - Precision = 1.0000
2024-03-26 13:22:53,252 - Recall = 0.0125
2024-03-26 13:25:15,372 - n = 120.0000
2024-03-26 13:25:15,372 - F1 Score = 0.0272
2024-03-26 13:25:15,372 - Precision = 1.0000
2024-03-26 13:25:15,372 - Recall = 0.0138
2024-03-26 13:27:01,355 - n = 125.0000
2024-03-26 13:27:01,355 - F1 Score = 0.0357
2024-03-26 13:27:01,355 - Precision = 1.0000
2024-03-26 13:27:01,355 - Recall = 0.0182
2024-03-26 13:29:43,243 - n = 130.0000
2024-03-26 13:29:43,243 - F1 Score = 0.0364
2024-03-26 13:29:43,243 - Precision = 1.0000
2024-03-26 13:29:43,243 - Recall = 0.0185
2024-03-26 13:32:45,145 - n = 135.0000
2024-03-26 13:32:45,145 - F1 Score = 0.0389
2024-03-26 13:32:45,145 - Precision = 1.0000
2024-03-26 13:32:45,145 - Recall = 0.0199
2024-03-26 13:35:08,596 - n = 140.0000
2024-03-26 13:35:08,596 - F1 Score = 0.0338
2024-03-26 13:35:08,596 - Precision = 1.0000
2024-03-26 13:35:08,596 - Recall = 0.0172
2024-03-26 13:37:00,313 - n = 145.0000
2024-03-26 13:37:00,313 - F1 Score = 0.0311
2024-03-26 13:37:00,313 - Precision = 1.0000
2024-03-26 13:37:00,313 - Recall = 0.0158
2024-03-26 13:39:20,828 - n = 150.0000
2024-03-26 13:39:20,828 - F1 Score = 0.0285
2024-03-26 13:39:20,828 - Precision = 1.0000
2024-03-26 13:39:20,828 - Recall = 0.0145
2024-03-26 13:41:53,490 - n = 155.0000
2024-03-26 13:41:53,490 - F1 Score = 0.0318
2024-03-26 13:41:53,490 - Precision = 1.0000
2024-03-26 13:41:53,490 - Recall = 0.0162
2024-03-26 13:43:50,794 - n = 160.0000
2024-03-26 13:43:50,794 - F1 Score = 0.0311
2024-03-26 13:43:50,794 - Precision = 1.0000
2024-03-26 13:43:50,794 - Recall = 0.0158
2024-03-26 13:45:47,031 - n = 165.0000
2024-03-26 13:45:47,031 - F1 Score = 0.0318
2024-03-26 13:45:47,031 - Precision = 1.0000
2024-03-26 13:45:47,031 - Recall = 0.0162
2024-03-26 13:47:34,671 - n = 170.0000
2024-03-26 13:47:34,671 - F1 Score = 0.0298
2024-03-26 13:47:34,672 - Precision = 1.0000
2024-03-26 13:47:34,672 - Recall = 0.0151
2024-03-26 13:49:51,886 - n = 175.0000
2024-03-26 13:49:51,886 - F1 Score = 0.0325
2024-03-26 13:49:51,886 - Precision = 1.0000
2024-03-26 13:49:51,886 - Recall = 0.0165
2024-03-26 13:52:27,119 - n = 180.0000
2024-03-26 13:52:27,120 - F1 Score = 0.0311
2024-03-26 13:52:27,120 - Precision = 1.0000
2024-03-26 13:52:27,120 - Recall = 0.0158
2024-03-26 13:54:23,942 - n = 185.0000
2024-03-26 13:54:23,942 - F1 Score = 0.0285
2024-03-26 13:54:23,942 - Precision = 1.0000
2024-03-26 13:54:23,942 - Recall = 0.0145
2024-03-26 13:55:54,416 - n = 190.0000
2024-03-26 13:55:54,416 - F1 Score = 0.0311
2024-03-26 13:55:54,416 - Precision = 1.0000
2024-03-26 13:55:54,416 - Recall = 0.0158
2024-03-26 13:57:39,017 - n = 195.0000
2024-03-26 13:57:39,018 - F1 Score = 0.0318
2024-03-26 13:57:39,018 - Precision = 1.0000
2024-03-26 13:57:39,018 - Recall = 0.0162
2024-03-26 14:00:05,277 - n = 200.0000
2024-03-26 14:00:05,278 - F1 Score = 0.0325
2024-03-26 14:00:05,278 - Precision = 1.0000
2024-03-26 14:00:05,278 - Recall = 0.0165
2024-03-26 14:01:57,507 - n = 205.0000
2024-03-26 14:01:57,507 - F1 Score = 0.0409
2024-03-26 14:01:57,507 - Precision = 1.0000
2024-03-26 14:01:57,507 - Recall = 0.0209
2024-03-26 14:04:29,861 - n = 210.0000
2024-03-26 14:04:29,861 - F1 Score = 0.0422
2024-03-26 14:04:29,861 - Precision = 1.0000
2024-03-26 14:04:29,861 - Recall = 0.0215
2024-03-26 14:07:11,286 - n = 215.0000
2024-03-26 14:07:11,287 - F1 Score = 0.0460
2024-03-26 14:07:11,287 - Precision = 1.0000
2024-03-26 14:07:11,287 - Recall = 0.0236
2024-03-26 14:09:16,837 - n = 220.0000
2024-03-26 14:09:16,838 - F1 Score = 0.0441
2024-03-26 14:09:16,838 - Precision = 1.0000
2024-03-26 14:09:16,838 - Recall = 0.0226
2024-03-26 14:11:21,667 - n = 225.0000
2024-03-26 14:11:21,667 - F1 Score = 0.0460
2024-03-26 14:11:21,667 - Precision = 1.0000
2024-03-26 14:11:21,667 - Recall = 0.0236
2024-03-26 14:12:59,605 - n = 230.0000
2024-03-26 14:12:59,605 - F1 Score = 0.0441
2024-03-26 14:12:59,605 - Precision = 1.0000
2024-03-26 14:12:59,605 - Recall = 0.0226
2024-03-26 14:15:08,762 - n = 235.0000
2024-03-26 14:15:08,762 - F1 Score = 0.0505
2024-03-26 14:15:08,762 - Precision = 1.0000
2024-03-26 14:15:08,762 - Recall = 0.0259
2024-03-26 14:16:45,378 - n = 240.0000
2024-03-26 14:16:45,378 - F1 Score = 0.0467
2024-03-26 14:16:45,378 - Precision = 0.9861
2024-03-26 14:16:45,378 - Recall = 0.0239
2024-03-26 14:18:19,389 - n = 245.0000
2024-03-26 14:18:19,389 - F1 Score = 0.0434
2024-03-26 14:18:19,389 - Precision = 0.9706
2024-03-26 14:18:19,390 - Recall = 0.0222
2024-03-26 14:19:39,592 - n = 250.0000
2024-03-26 14:19:39,592 - F1 Score = 0.0479
2024-03-26 14:19:39,592 - Precision = 0.9733
2024-03-26 14:19:39,592 - Recall = 0.0246
2024-03-26 14:20:52,700 - n = 255.0000
2024-03-26 14:20:52,700 - F1 Score = 0.0505
2024-03-26 14:20:52,700 - Precision = 0.9747
2024-03-26 14:20:52,700 - Recall = 0.0259
2024-03-26 14:22:47,256 - n = 260.0000
2024-03-26 14:22:47,256 - F1 Score = 0.0505
2024-03-26 14:22:47,256 - Precision = 0.9747
2024-03-26 14:22:47,256 - Recall = 0.0259
2024-03-26 14:24:20,177 - n = 265.0000
2024-03-26 14:24:20,177 - F1 Score = 0.0537
2024-03-26 14:24:20,177 - Precision = 0.9762
2024-03-26 14:24:20,177 - Recall = 0.0276
2024-03-26 14:25:34,063 - n = 270.0000
2024-03-26 14:25:34,063 - F1 Score = 0.0492
2024-03-26 14:25:34,063 - Precision = 0.9494
2024-03-26 14:25:34,063 - Recall = 0.0252
2024-03-26 14:27:17,213 - n = 275.0000
2024-03-26 14:27:17,213 - F1 Score = 0.0524
2024-03-26 14:27:17,213 - Precision = 0.9524
2024-03-26 14:27:17,213 - Recall = 0.0269
2024-03-26 14:28:34,836 - n = 280.0000
2024-03-26 14:28:34,836 - F1 Score = 0.0479
2024-03-26 14:28:34,836 - Precision = 0.9359
2024-03-26 14:28:34,836 - Recall = 0.0246
2024-03-26 14:29:52,490 - n = 285.0000
2024-03-26 14:29:52,490 - F1 Score = 0.0530
2024-03-26 14:29:52,490 - Precision = 0.9419
2024-03-26 14:29:52,490 - Recall = 0.0273
2024-03-26 14:31:15,472 - n = 290.0000
2024-03-26 14:31:15,472 - F1 Score = 0.0593
2024-03-26 14:31:15,473 - Precision = 0.9381
2024-03-26 14:31:15,473 - Recall = 0.0306
2024-03-26 14:32:18,462 - n = 295.0000
2024-03-26 14:32:18,462 - F1 Score = 0.0562
2024-03-26 14:32:18,462 - Precision = 0.9348
2024-03-26 14:32:18,462 - Recall = 0.0289
2024-03-26 14:33:48,524 - n = 300.0000
2024-03-26 14:33:48,524 - F1 Score = 0.0606
2024-03-26 14:33:48,524 - Precision = 0.9300
2024-03-26 14:33:48,524 - Recall = 0.0313
2024-03-26 14:34:58,034 - n = 305.0000
2024-03-26 14:34:58,034 - F1 Score = 0.0618
2024-03-26 14:34:58,034 - Precision = 0.9314
2024-03-26 14:34:58,034 - Recall = 0.0320
2024-03-26 14:36:02,815 - n = 310.0000
2024-03-26 14:36:02,815 - F1 Score = 0.0744
2024-03-26 14:36:02,815 - Precision = 0.9426
2024-03-26 14:36:02,815 - Recall = 0.0387
2024-03-26 14:37:06,200 - n = 315.0000
2024-03-26 14:37:06,200 - F1 Score = 0.0693
2024-03-26 14:37:06,200 - Precision = 0.9304
2024-03-26 14:37:06,200 - Recall = 0.0360
2024-03-26 14:38:16,731 - n = 320.0000
2024-03-26 14:38:16,731 - F1 Score = 0.0762
2024-03-26 14:38:16,731 - Precision = 0.9365
2024-03-26 14:38:16,731 - Recall = 0.0397
2024-03-26 14:39:27,028 - n = 325.0000
2024-03-26 14:39:27,028 - F1 Score = 0.0799
2024-03-26 14:39:27,028 - Precision = 0.9323
2024-03-26 14:39:27,028 - Recall = 0.0417
2024-03-26 14:40:33,938 - n = 330.0000
2024-03-26 14:40:33,938 - F1 Score = 0.0854
2024-03-26 14:40:33,938 - Precision = 0.9301
2024-03-26 14:40:33,938 - Recall = 0.0448
2024-03-26 14:41:28,049 - n = 335.0000
2024-03-26 14:41:28,049 - F1 Score = 0.0823
2024-03-26 14:41:28,049 - Precision = 0.9275
2024-03-26 14:41:28,049 - Recall = 0.0431
2024-03-26 14:42:09,006 - n = 340.0000
2024-03-26 14:42:09,007 - F1 Score = 0.0921
2024-03-26 14:42:09,007 - Precision = 0.9290
2024-03-26 14:42:09,007 - Recall = 0.0485
2024-03-26 14:43:26,657 - n = 345.0000
2024-03-26 14:43:26,657 - F1 Score = 0.1000
2024-03-26 14:43:26,657 - Precision = 0.9235
2024-03-26 14:43:26,657 - Recall = 0.0528
2024-03-26 14:44:22,281 - n = 350.0000
2024-03-26 14:44:22,281 - F1 Score = 0.1047
2024-03-26 14:44:22,281 - Precision = 0.9167
2024-03-26 14:44:22,281 - Recall = 0.0555
2024-03-26 14:45:32,513 - n = 355.0000
2024-03-26 14:45:32,514 - F1 Score = 0.1059
2024-03-26 14:45:32,514 - Precision = 0.9176
2024-03-26 14:45:32,514 - Recall = 0.0562
2024-03-26 14:46:51,259 - n = 360.0000
2024-03-26 14:46:51,259 - F1 Score = 0.1095
2024-03-26 14:46:51,259 - Precision = 0.9202
2024-03-26 14:46:51,259 - Recall = 0.0582
2024-03-26 14:47:48,207 - n = 365.0000
2024-03-26 14:47:48,208 - F1 Score = 0.1131
2024-03-26 14:47:48,208 - Precision = 0.9227
2024-03-26 14:47:48,208 - Recall = 0.0602
2024-03-26 14:49:04,986 - n = 370.0000
2024-03-26 14:49:04,986 - F1 Score = 0.1196
2024-03-26 14:49:04,986 - Precision = 0.9268
2024-03-26 14:49:04,986 - Recall = 0.0640
2024-03-26 14:50:16,058 - n = 375.0000
2024-03-26 14:50:16,058 - F1 Score = 0.1149
2024-03-26 14:50:16,058 - Precision = 0.9239
2024-03-26 14:50:16,058 - Recall = 0.0613
2024-03-26 14:51:00,946 - n = 380.0000
2024-03-26 14:51:00,947 - F1 Score = 0.1219
2024-03-26 14:51:00,947 - Precision = 0.9194
2024-03-26 14:51:00,947 - Recall = 0.0653
2024-03-26 14:52:08,071 - n = 385.0000
2024-03-26 14:52:08,071 - F1 Score = 0.1235
2024-03-26 14:52:08,071 - Precision = 0.9037
2024-03-26 14:52:08,071 - Recall = 0.0663
2024-03-26 14:52:46,887 - n = 390.0000
2024-03-26 14:52:46,887 - F1 Score = 0.1193
2024-03-26 14:52:46,887 - Precision = 0.8920
2024-03-26 14:52:46,887 - Recall = 0.0640
2024-03-26 14:53:27,784 - n = 395.0000
2024-03-26 14:53:27,784 - F1 Score = 0.1257
2024-03-26 14:53:27,784 - Precision = 0.8894
2024-03-26 14:53:27,784 - Recall = 0.0677
2024-03-26 14:54:16,304 - n = 400.0000
2024-03-26 14:54:16,304 - F1 Score = 0.1356
2024-03-26 14:54:16,304 - Precision = 0.8934
2024-03-26 14:54:16,304 - Recall = 0.0734
2024-03-26 14:55:03,788 - n = 405.0000
2024-03-26 14:55:03,788 - F1 Score = 0.1390
2024-03-26 14:55:03,788 - Precision = 0.8924
2024-03-26 14:55:03,788 - Recall = 0.0754
2024-03-26 14:55:56,024 - n = 410.0000
2024-03-26 14:55:56,024 - F1 Score = 0.1350
2024-03-26 14:55:56,024 - Precision = 0.8857
2024-03-26 14:55:56,025 - Recall = 0.0730
2024-03-26 14:56:35,463 - n = 415.0000
2024-03-26 14:56:35,463 - F1 Score = 0.1425
2024-03-26 14:56:35,463 - Precision = 0.8949
2024-03-26 14:56:35,463 - Recall = 0.0774
2024-03-26 14:57:22,488 - n = 420.0000
2024-03-26 14:57:22,489 - F1 Score = 0.1447
2024-03-26 14:57:22,489 - Precision = 0.8864
2024-03-26 14:57:22,489 - Recall = 0.0788
2024-03-26 14:58:19,945 - n = 425.0000
2024-03-26 14:58:19,945 - F1 Score = 0.1463
2024-03-26 14:58:19,945 - Precision = 0.8810
2024-03-26 14:58:19,945 - Recall = 0.0798
2024-03-26 14:59:12,543 - n = 430.0000
2024-03-26 14:59:12,543 - F1 Score = 0.1617
2024-03-26 14:59:12,543 - Precision = 0.8949
2024-03-26 14:59:12,543 - Recall = 0.0889
2024-03-26 14:59:52,513 - n = 435.0000
2024-03-26 14:59:52,513 - F1 Score = 0.1508
2024-03-26 14:59:52,513 - Precision = 0.8781
2024-03-26 14:59:52,513 - Recall = 0.0825
2024-03-26 15:00:33,667 - n = 440.0000
2024-03-26 15:00:33,667 - F1 Score = 0.1555
2024-03-26 15:00:33,667 - Precision = 0.8581
2024-03-26 15:00:33,667 - Recall = 0.0855
2024-03-26 15:01:20,576 - n = 445.0000
2024-03-26 15:01:20,576 - F1 Score = 0.1611
2024-03-26 15:01:20,576 - Precision = 0.8627
2024-03-26 15:01:20,576 - Recall = 0.0889
2024-03-26 15:01:57,853 - n = 450.0000
2024-03-26 15:01:57,853 - F1 Score = 0.1681
2024-03-26 15:01:57,853 - Precision = 0.8549
2024-03-26 15:01:57,853 - Recall = 0.0932
2024-03-26 15:02:40,463 - n = 455.0000
2024-03-26 15:02:40,463 - F1 Score = 0.1671
2024-03-26 15:02:40,463 - Precision = 0.8594
2024-03-26 15:02:40,463 - Recall = 0.0926
2024-03-26 15:03:10,336 - n = 460.0000
2024-03-26 15:03:10,336 - F1 Score = 0.1592
2024-03-26 15:03:10,336 - Precision = 0.8502
2024-03-26 15:03:10,336 - Recall = 0.0878
2024-03-26 15:03:49,912 - n = 465.0000
2024-03-26 15:03:49,913 - F1 Score = 0.1599
2024-03-26 15:03:49,913 - Precision = 0.8534
2024-03-26 15:03:49,913 - Recall = 0.0882
2024-03-26 15:04:28,233 - n = 470.0000
2024-03-26 15:04:28,233 - F1 Score = 0.1686
2024-03-26 15:04:28,233 - Precision = 0.8528
2024-03-26 15:04:28,233 - Recall = 0.0936
2024-03-26 15:05:00,940 - n = 475.0000
2024-03-26 15:05:00,941 - F1 Score = 0.1705
2024-03-26 15:05:00,941 - Precision = 0.8393
2024-03-26 15:05:00,941 - Recall = 0.0949
2024-03-26 15:05:25,965 - n = 480.0000
2024-03-26 15:05:25,965 - F1 Score = 0.1732
2024-03-26 15:05:25,965 - Precision = 0.8367
2024-03-26 15:05:25,965 - Recall = 0.0966
2024-03-26 15:05:57,711 - n = 485.0000
2024-03-26 15:05:57,711 - F1 Score = 0.1715
2024-03-26 15:05:57,711 - Precision = 0.8353
2024-03-26 15:05:57,711 - Recall = 0.0956
2024-03-26 15:06:46,789 - n = 490.0000
2024-03-26 15:06:46,789 - F1 Score = 0.1735
2024-03-26 15:06:46,789 - Precision = 0.8252
2024-03-26 15:06:46,789 - Recall = 0.0969
2024-03-26 15:07:35,367 - n = 495.0000
2024-03-26 15:07:35,368 - F1 Score = 0.1813
2024-03-26 15:07:35,368 - Precision = 0.8366
2024-03-26 15:07:35,368 - Recall = 0.1016
2024-03-26 15:08:11,131 - n = 500.0000
2024-03-26 15:08:11,131 - F1 Score = 0.1885
2024-03-26 15:08:11,131 - Precision = 0.8294
2024-03-26 15:08:11,131 - Recall = 0.1064
2024-03-26 15:08:46,693 - n = 505.0000
2024-03-26 15:08:46,693 - F1 Score = 0.1917
2024-03-26 15:08:46,693 - Precision = 0.8299
2024-03-26 15:08:46,693 - Recall = 0.1084
2024-03-26 15:09:11,169 - n = 510.0000
2024-03-26 15:09:11,170 - F1 Score = 0.1868
2024-03-26 15:09:11,170 - Precision = 0.8237
2024-03-26 15:09:11,170 - Recall = 0.1054
2024-03-26 15:09:57,405 - n = 515.0000
2024-03-26 15:09:57,405 - F1 Score = 0.1872
2024-03-26 15:09:57,405 - Precision = 0.8177
2024-03-26 15:09:57,405 - Recall = 0.1057
2024-03-26 15:10:32,337 - n = 520.0000
2024-03-26 15:10:32,337 - F1 Score = 0.1895
2024-03-26 15:10:32,337 - Precision = 0.8238
2024-03-26 15:10:32,337 - Recall = 0.1070
2024-03-26 15:11:01,184 - n = 525.0000
2024-03-26 15:11:01,185 - F1 Score = 0.1956
2024-03-26 15:11:01,185 - Precision = 0.8168
2024-03-26 15:11:01,185 - Recall = 0.1111
2024-03-26 15:11:35,286 - n = 530.0000
2024-03-26 15:11:35,287 - F1 Score = 0.1998
2024-03-26 15:11:35,287 - Precision = 0.8204
2024-03-26 15:11:35,287 - Recall = 0.1138
2024-03-26 15:12:00,137 - n = 535.0000
2024-03-26 15:12:00,138 - F1 Score = 0.2065
2024-03-26 15:12:00,138 - Precision = 0.8182
2024-03-26 15:12:00,138 - Recall = 0.1181
2024-03-26 15:12:21,219 - n = 540.0000
2024-03-26 15:12:21,219 - F1 Score = 0.2128
2024-03-26 15:12:21,219 - Precision = 0.8231
2024-03-26 15:12:21,219 - Recall = 0.1222
2024-03-26 15:12:43,149 - n = 545.0000
2024-03-26 15:12:43,149 - F1 Score = 0.2224
2024-03-26 15:12:43,149 - Precision = 0.8215
2024-03-26 15:12:43,149 - Recall = 0.1286
2024-03-26 15:13:05,885 - n = 550.0000
2024-03-26 15:13:05,886 - F1 Score = 0.2326
2024-03-26 15:13:05,886 - Precision = 0.8289
2024-03-26 15:13:05,886 - Recall = 0.1353
2024-03-26 15:13:19,786 - n = 555.0000
2024-03-26 15:13:19,786 - F1 Score = 0.2430
2024-03-26 15:13:19,786 - Precision = 0.8294
2024-03-26 15:13:19,786 - Recall = 0.1424
2024-03-26 15:13:45,789 - n = 560.0000
2024-03-26 15:13:45,789 - F1 Score = 0.2453
2024-03-26 15:13:45,789 - Precision = 0.8263
2024-03-26 15:13:45,790 - Recall = 0.1441
2024-03-26 15:14:14,838 - n = 565.0000
2024-03-26 15:14:14,838 - F1 Score = 0.2428
2024-03-26 15:14:14,838 - Precision = 0.8246
2024-03-26 15:14:14,838 - Recall = 0.1424
2024-03-26 15:14:34,089 - n = 570.0000
2024-03-26 15:14:34,089 - F1 Score = 0.2461
2024-03-26 15:14:34,089 - Precision = 0.8206
2024-03-26 15:14:34,089 - Recall = 0.1447
2024-03-26 15:15:01,495 - n = 575.0000
2024-03-26 15:15:01,495 - F1 Score = 0.2479
2024-03-26 15:15:01,495 - Precision = 0.8279
2024-03-26 15:15:01,495 - Recall = 0.1457
2024-03-26 15:15:18,184 - n = 580.0000
2024-03-26 15:15:18,185 - F1 Score = 0.2514
2024-03-26 15:15:18,185 - Precision = 0.8302
2024-03-26 15:15:18,185 - Recall = 0.1481
2024-03-26 15:15:42,594 - n = 585.0000
2024-03-26 15:15:42,594 - F1 Score = 0.2500
2024-03-26 15:15:42,594 - Precision = 0.8218
2024-03-26 15:15:42,594 - Recall = 0.1474
2024-03-26 15:16:07,756 - n = 590.0000
2024-03-26 15:16:07,756 - F1 Score = 0.2575
2024-03-26 15:16:07,756 - Precision = 0.8282
2024-03-26 15:16:07,756 - Recall = 0.1525
2024-03-26 15:16:29,568 - n = 595.0000
2024-03-26 15:16:29,568 - F1 Score = 0.2595
2024-03-26 15:16:29,568 - Precision = 0.8294
2024-03-26 15:16:29,568 - Recall = 0.1538
2024-03-26 15:16:57,669 - n = 600.0000
2024-03-26 15:16:57,669 - F1 Score = 0.2613
2024-03-26 15:16:57,669 - Precision = 0.8262
2024-03-26 15:16:57,669 - Recall = 0.1552
2024-03-26 15:17:18,686 - n = 605.0000
2024-03-26 15:17:18,687 - F1 Score = 0.2572
2024-03-26 15:17:18,687 - Precision = 0.8221
2024-03-26 15:17:18,687 - Recall = 0.1525
2024-03-26 15:17:59,066 - n = 610.0000
2024-03-26 15:17:59,067 - F1 Score = 0.2603
2024-03-26 15:17:59,067 - Precision = 0.8255
2024-03-26 15:17:59,067 - Recall = 0.1545
2024-03-26 15:18:20,702 - n = 615.0000
2024-03-26 15:18:20,702 - F1 Score = 0.2634
2024-03-26 15:18:20,702 - Precision = 0.8204
2024-03-26 15:18:20,702 - Recall = 0.1568
2024-03-26 15:18:45,843 - n = 620.0000
2024-03-26 15:18:45,843 - F1 Score = 0.2585
2024-03-26 15:18:45,843 - Precision = 0.8187
2024-03-26 15:18:45,843 - Recall = 0.1535
2024-03-26 15:19:05,125 - n = 625.0000
2024-03-26 15:19:05,125 - F1 Score = 0.2647
2024-03-26 15:19:05,125 - Precision = 0.8185
2024-03-26 15:19:05,125 - Recall = 0.1579
2024-03-26 15:19:33,096 - n = 630.0000
2024-03-26 15:19:33,096 - F1 Score = 0.2665
2024-03-26 15:19:33,096 - Precision = 0.8169
2024-03-26 15:19:33,096 - Recall = 0.1592
2024-03-26 15:19:56,088 - n = 635.0000
2024-03-26 15:19:56,088 - F1 Score = 0.2715
2024-03-26 15:19:56,088 - Precision = 0.8148
2024-03-26 15:19:56,088 - Recall = 0.1629
2024-03-26 15:20:19,897 - n = 640.0000
2024-03-26 15:20:19,897 - F1 Score = 0.2728
2024-03-26 15:20:19,897 - Precision = 0.8130
2024-03-26 15:20:19,897 - Recall = 0.1639
2024-03-26 15:20:33,598 - n = 645.0000
2024-03-26 15:20:33,599 - F1 Score = 0.2751
2024-03-26 15:20:33,599 - Precision = 0.8119
2024-03-26 15:20:33,599 - Recall = 0.1656
2024-03-26 15:20:59,022 - n = 650.0000
2024-03-26 15:20:59,022 - F1 Score = 0.2784
2024-03-26 15:20:59,022 - Precision = 0.8127
2024-03-26 15:20:59,022 - Recall = 0.1680
2024-03-26 15:21:13,591 - n = 655.0000
2024-03-26 15:21:13,591 - F1 Score = 0.2813
2024-03-26 15:21:13,591 - Precision = 0.8145
2024-03-26 15:21:13,591 - Recall = 0.1700
2024-03-26 15:21:33,744 - n = 660.0000
2024-03-26 15:21:33,744 - F1 Score = 0.2822
2024-03-26 15:21:33,744 - Precision = 0.8151
2024-03-26 15:21:33,744 - Recall = 0.1706
2024-03-26 15:21:50,081 - n = 665.0000
2024-03-26 15:21:50,081 - F1 Score = 0.2759
2024-03-26 15:21:50,081 - Precision = 0.8098
2024-03-26 15:21:50,081 - Recall = 0.1663
2024-03-26 15:22:05,465 - n = 670.0000
2024-03-26 15:22:05,465 - F1 Score = 0.2768
2024-03-26 15:22:05,465 - Precision = 0.8091
2024-03-26 15:22:05,465 - Recall = 0.1669
2024-03-26 15:22:27,352 - n = 675.0000
2024-03-26 15:22:27,352 - F1 Score = 0.2867
2024-03-26 15:22:27,352 - Precision = 0.8129
2024-03-26 15:22:27,352 - Recall = 0.1740
2024-03-26 15:22:41,362 - n = 680.0000
2024-03-26 15:22:41,362 - F1 Score = 0.2878
2024-03-26 15:22:41,362 - Precision = 0.8100
2024-03-26 15:22:41,362 - Recall = 0.1750
2024-03-26 15:22:59,657 - n = 685.0000
2024-03-26 15:22:59,657 - F1 Score = 0.2865
2024-03-26 15:22:59,657 - Precision = 0.8103
2024-03-26 15:22:59,657 - Recall = 0.1740
2024-03-26 15:23:22,695 - n = 690.0000
2024-03-26 15:23:22,695 - F1 Score = 0.2868
2024-03-26 15:23:22,695 - Precision = 0.8081
2024-03-26 15:23:22,695 - Recall = 0.1744
2024-03-26 15:23:32,346 - n = 695.0000
2024-03-26 15:23:32,346 - F1 Score = 0.2841
2024-03-26 15:23:32,346 - Precision = 0.8003
2024-03-26 15:23:32,346 - Recall = 0.1727
2024-03-26 15:23:48,262 - n = 700.0000
2024-03-26 15:23:48,262 - F1 Score = 0.2833
2024-03-26 15:23:48,262 - Precision = 0.7892
2024-03-26 15:23:48,262 - Recall = 0.1727
2024-03-26 15:24:03,237 - n = 705.0000
2024-03-26 15:24:03,237 - F1 Score = 0.2841
2024-03-26 15:24:03,237 - Precision = 0.7932
2024-03-26 15:24:03,237 - Recall = 0.1730
2024-03-26 15:24:14,058 - n = 710.0000
2024-03-26 15:24:14,058 - F1 Score = 0.2752
2024-03-26 15:24:14,058 - Precision = 0.7836
2024-03-26 15:24:14,058 - Recall = 0.1669
2024-03-26 15:24:27,767 - n = 715.0000
2024-03-26 15:24:27,767 - F1 Score = 0.2818
2024-03-26 15:24:27,767 - Precision = 0.7858
2024-03-26 15:24:27,767 - Recall = 0.1717
2024-03-26 15:24:38,838 - n = 720.0000
2024-03-26 15:24:38,838 - F1 Score = 0.2841
2024-03-26 15:24:38,838 - Precision = 0.7806
2024-03-26 15:24:38,838 - Recall = 0.1737
2024-03-26 15:24:46,193 - n = 725.0000
2024-03-26 15:24:46,193 - F1 Score = 0.2809
2024-03-26 15:24:46,194 - Precision = 0.7795
2024-03-26 15:24:46,194 - Recall = 0.1713
2024-03-26 15:25:00,965 - n = 730.0000
2024-03-26 15:25:00,965 - F1 Score = 0.2801
2024-03-26 15:25:00,965 - Precision = 0.7744
2024-03-26 15:25:00,965 - Recall = 0.1710
2024-03-26 15:25:13,213 - n = 735.0000
2024-03-26 15:25:13,213 - F1 Score = 0.2697
2024-03-26 15:25:13,213 - Precision = 0.7609
2024-03-26 15:25:13,213 - Recall = 0.1639
2024-03-26 15:25:19,706 - n = 740.0000
2024-03-26 15:25:19,707 - F1 Score = 0.2749
2024-03-26 15:25:19,707 - Precision = 0.7561
2024-03-26 15:25:19,707 - Recall = 0.1680
2024-03-26 15:25:25,568 - n = 745.0000
2024-03-26 15:25:25,568 - F1 Score = 0.2719
2024-03-26 15:25:25,568 - Precision = 0.7515
2024-03-26 15:25:25,568 - Recall = 0.1659
2024-03-26 15:25:33,422 - n = 750.0000
2024-03-26 15:25:33,422 - F1 Score = 0.2746
2024-03-26 15:25:33,423 - Precision = 0.7515
2024-03-26 15:25:33,423 - Recall = 0.1680
2024-03-26 15:25:40,768 - n = 755.0000
2024-03-26 15:25:40,768 - F1 Score = 0.2794
2024-03-26 15:25:40,768 - Precision = 0.7563
2024-03-26 15:25:40,768 - Recall = 0.1713
2024-03-26 15:25:47,736 - n = 760.0000
2024-03-26 15:25:47,737 - F1 Score = 0.2819
2024-03-26 15:25:47,737 - Precision = 0.7540
2024-03-26 15:25:47,737 - Recall = 0.1733
2024-03-26 15:25:58,264 - n = 765.0000
2024-03-26 15:25:58,264 - F1 Score = 0.2870
2024-03-26 15:25:58,264 - Precision = 0.7568
2024-03-26 15:25:58,264 - Recall = 0.1770
2024-03-26 15:26:13,253 - n = 770.0000
2024-03-26 15:26:13,253 - F1 Score = 0.2918
2024-03-26 15:26:13,253 - Precision = 0.7563
2024-03-26 15:26:13,253 - Recall = 0.1807
2024-03-26 15:26:34,896 - n = 775.0000
2024-03-26 15:26:34,896 - F1 Score = 0.2916
2024-03-26 15:26:34,896 - Precision = 0.7542
2024-03-26 15:26:34,896 - Recall = 0.1807
2024-03-26 15:26:58,240 - n = 780.0000
2024-03-26 15:26:58,240 - F1 Score = 0.2956
2024-03-26 15:26:58,240 - Precision = 0.7552
2024-03-26 15:26:58,240 - Recall = 0.1838
2024-03-26 15:27:05,467 - n = 785.0000
2024-03-26 15:27:05,467 - F1 Score = 0.3014
2024-03-26 15:27:05,467 - Precision = 0.7575
2024-03-26 15:27:05,467 - Recall = 0.1882
2024-03-26 15:27:14,048 - n = 790.0000
2024-03-26 15:27:14,048 - F1 Score = 0.3037
2024-03-26 15:27:14,048 - Precision = 0.7591
2024-03-26 15:27:14,048 - Recall = 0.1898
2024-03-26 15:27:25,729 - n = 795.0000
2024-03-26 15:27:25,729 - F1 Score = 0.3045
2024-03-26 15:27:25,729 - Precision = 0.7587
2024-03-26 15:27:25,729 - Recall = 0.1905
2024-03-26 15:27:41,442 - n = 800.0000
2024-03-26 15:27:41,442 - F1 Score = 0.3081
2024-03-26 15:27:41,442 - Precision = 0.7603
2024-03-26 15:27:41,442 - Recall = 0.1932
2024-03-26 15:27:48,610 - n = 805.0000
2024-03-26 15:27:48,610 - F1 Score = 0.3108
2024-03-26 15:27:48,610 - Precision = 0.7565
2024-03-26 15:27:48,610 - Recall = 0.1956
2024-03-26 15:27:55,948 - n = 810.0000
2024-03-26 15:27:55,948 - F1 Score = 0.3095
2024-03-26 15:27:55,948 - Precision = 0.7565
2024-03-26 15:27:55,948 - Recall = 0.1945
2024-03-26 15:28:07,257 - n = 815.0000
2024-03-26 15:28:07,257 - F1 Score = 0.3110
2024-03-26 15:28:07,257 - Precision = 0.7494
2024-03-26 15:28:07,257 - Recall = 0.1962
2024-03-26 15:28:13,251 - n = 820.0000
2024-03-26 15:28:13,251 - F1 Score = 0.3115
2024-03-26 15:28:13,251 - Precision = 0.7506
2024-03-26 15:28:13,251 - Recall = 0.1966
2024-03-26 15:28:19,384 - n = 825.0000
2024-03-26 15:28:19,384 - F1 Score = 0.3105
2024-03-26 15:28:19,384 - Precision = 0.7481
2024-03-26 15:28:19,384 - Recall = 0.1959
2024-03-26 15:28:30,305 - n = 830.0000
2024-03-26 15:28:30,306 - F1 Score = 0.3069
2024-03-26 15:28:30,306 - Precision = 0.7410
2024-03-26 15:28:30,306 - Recall = 0.1935
2024-03-26 15:28:37,528 - n = 835.0000
2024-03-26 15:28:37,528 - F1 Score = 0.3097
2024-03-26 15:28:37,528 - Precision = 0.7395
2024-03-26 15:28:37,528 - Recall = 0.1959
2024-03-26 15:28:46,528 - n = 840.0000
2024-03-26 15:28:46,528 - F1 Score = 0.3161
2024-03-26 15:28:46,528 - Precision = 0.7450
2024-03-26 15:28:46,528 - Recall = 0.2006
2024-03-26 15:28:56,390 - n = 845.0000
2024-03-26 15:28:56,390 - F1 Score = 0.3110
2024-03-26 15:28:56,390 - Precision = 0.7396
2024-03-26 15:28:56,390 - Recall = 0.1969
2024-03-26 15:29:03,400 - n = 850.0000
2024-03-26 15:29:03,400 - F1 Score = 0.3200
2024-03-26 15:29:03,400 - Precision = 0.7417
2024-03-26 15:29:03,400 - Recall = 0.2040
2024-03-26 15:29:10,773 - n = 855.0000
2024-03-26 15:29:10,774 - F1 Score = 0.3213
2024-03-26 15:29:10,774 - Precision = 0.7427
2024-03-26 15:29:10,774 - Recall = 0.2050
2024-03-26 15:29:19,995 - n = 860.0000
2024-03-26 15:29:19,995 - F1 Score = 0.3304
2024-03-26 15:29:19,995 - Precision = 0.7482
2024-03-26 15:29:19,995 - Recall = 0.2120
2024-03-26 15:29:25,540 - n = 865.0000
2024-03-26 15:29:25,540 - F1 Score = 0.3352
2024-03-26 15:29:25,540 - Precision = 0.7474
2024-03-26 15:29:25,540 - Recall = 0.2161
2024-03-26 15:29:32,450 - n = 870.0000
2024-03-26 15:29:32,450 - F1 Score = 0.3347
2024-03-26 15:29:32,450 - Precision = 0.7422
2024-03-26 15:29:32,450 - Recall = 0.2161
2024-03-26 15:29:39,344 - n = 875.0000
2024-03-26 15:29:39,344 - F1 Score = 0.3350
2024-03-26 15:29:39,344 - Precision = 0.7408
2024-03-26 15:29:39,344 - Recall = 0.2164
2024-03-26 15:29:45,809 - n = 880.0000
2024-03-26 15:29:45,809 - F1 Score = 0.3391
2024-03-26 15:29:45,809 - Precision = 0.7420
2024-03-26 15:29:45,809 - Recall = 0.2198
2024-03-26 15:29:51,344 - n = 885.0000
2024-03-26 15:29:51,344 - F1 Score = 0.3445
2024-03-26 15:29:51,344 - Precision = 0.7433
2024-03-26 15:29:51,344 - Recall = 0.2242
2024-03-26 15:29:57,860 - n = 890.0000
2024-03-26 15:29:57,860 - F1 Score = 0.3468
2024-03-26 15:29:57,860 - Precision = 0.7396
2024-03-26 15:29:57,860 - Recall = 0.2265
2024-03-26 15:30:05,659 - n = 895.0000
2024-03-26 15:30:05,659 - F1 Score = 0.3488
2024-03-26 15:30:05,659 - Precision = 0.7394
2024-03-26 15:30:05,659 - Recall = 0.2282
2024-03-26 15:30:12,020 - n = 900.0000
2024-03-26 15:30:12,020 - F1 Score = 0.3515
2024-03-26 15:30:12,020 - Precision = 0.7427
2024-03-26 15:30:12,020 - Recall = 0.2302
2024-03-26 15:30:17,375 - n = 905.0000
2024-03-26 15:30:17,375 - F1 Score = 0.3538
2024-03-26 15:30:17,375 - Precision = 0.7390
2024-03-26 15:30:17,375 - Recall = 0.2326
2024-03-26 15:30:32,488 - n = 910.0000
2024-03-26 15:30:32,488 - F1 Score = 0.3630
2024-03-26 15:30:32,488 - Precision = 0.7414
2024-03-26 15:30:32,488 - Recall = 0.2403
2024-03-26 15:30:37,909 - n = 915.0000
2024-03-26 15:30:37,910 - F1 Score = 0.3584
2024-03-26 15:30:37,910 - Precision = 0.7349
2024-03-26 15:30:37,910 - Recall = 0.2370
2024-03-26 15:30:44,043 - n = 920.0000
2024-03-26 15:30:44,043 - F1 Score = 0.3626
2024-03-26 15:30:44,043 - Precision = 0.7348
2024-03-26 15:30:44,043 - Recall = 0.2407
2024-03-26 15:30:50,023 - n = 925.0000
2024-03-26 15:30:50,023 - F1 Score = 0.3697
2024-03-26 15:30:50,023 - Precision = 0.7374
2024-03-26 15:30:50,023 - Recall = 0.2467
2024-03-26 15:30:55,765 - n = 930.0000
2024-03-26 15:30:55,765 - F1 Score = 0.3691
2024-03-26 15:30:55,765 - Precision = 0.7296
2024-03-26 15:30:55,765 - Recall = 0.2471
2024-03-26 15:31:01,376 - n = 935.0000
2024-03-26 15:31:01,376 - F1 Score = 0.3694
2024-03-26 15:31:01,376 - Precision = 0.7292
2024-03-26 15:31:01,376 - Recall = 0.2474
2024-03-26 15:31:06,873 - n = 940.0000
2024-03-26 15:31:06,873 - F1 Score = 0.3687
2024-03-26 15:31:06,874 - Precision = 0.7234
2024-03-26 15:31:06,874 - Recall = 0.2474
2024-03-26 15:31:13,259 - n = 945.0000
2024-03-26 15:31:13,259 - F1 Score = 0.3687
2024-03-26 15:31:13,259 - Precision = 0.7234
2024-03-26 15:31:13,259 - Recall = 0.2474
2024-03-26 15:31:18,721 - n = 950.0000
2024-03-26 15:31:18,721 - F1 Score = 0.3651
2024-03-26 15:31:18,721 - Precision = 0.7217
2024-03-26 15:31:18,721 - Recall = 0.2444
2024-03-26 15:31:24,404 - n = 955.0000
2024-03-26 15:31:24,404 - F1 Score = 0.3603
2024-03-26 15:31:24,404 - Precision = 0.7164
2024-03-26 15:31:24,404 - Recall = 0.2407
2024-03-26 15:31:33,741 - n = 960.0000
2024-03-26 15:31:33,741 - F1 Score = 0.3601
2024-03-26 15:31:33,741 - Precision = 0.7117
2024-03-26 15:31:33,742 - Recall = 0.2410
2024-03-26 15:31:39,852 - n = 965.0000
2024-03-26 15:31:39,852 - F1 Score = 0.3698
2024-03-26 15:31:39,853 - Precision = 0.7146
2024-03-26 15:31:39,853 - Recall = 0.2494
2024-03-26 15:31:47,502 - n = 970.0000
2024-03-26 15:31:47,502 - F1 Score = 0.3665
2024-03-26 15:31:47,502 - Precision = 0.7092
2024-03-26 15:31:47,502 - Recall = 0.2471
2024-03-26 15:31:53,538 - n = 975.0000
2024-03-26 15:31:53,538 - F1 Score = 0.3734
2024-03-26 15:31:53,538 - Precision = 0.7114
2024-03-26 15:31:53,538 - Recall = 0.2531
2024-03-26 15:31:59,874 - n = 980.0000
2024-03-26 15:31:59,874 - F1 Score = 0.3697
2024-03-26 15:31:59,874 - Precision = 0.7059
2024-03-26 15:31:59,874 - Recall = 0.2504
2024-03-26 15:32:06,870 - n = 985.0000
2024-03-26 15:32:06,870 - F1 Score = 0.3665
2024-03-26 15:32:06,870 - Precision = 0.7012
2024-03-26 15:32:06,870 - Recall = 0.2481
2024-03-26 15:32:12,741 - n = 990.0000
2024-03-26 15:32:12,741 - F1 Score = 0.3713
2024-03-26 15:32:12,741 - Precision = 0.7039
2024-03-26 15:32:12,741 - Recall = 0.2521
2024-03-26 15:32:19,331 - n = 995.0000
2024-03-26 15:32:19,331 - F1 Score = 0.3779
2024-03-26 15:32:19,331 - Precision = 0.7073
2024-03-26 15:32:19,331 - Recall = 0.2578
2024-03-26 15:32:25,278 - n = 1000.0000
2024-03-26 15:32:25,278 - F1 Score = 0.3774
2024-03-26 15:32:25,278 - Precision = 0.7040
2024-03-26 15:32:25,278 - Recall = 0.2578
2024-03-26 15:32:31,372 - n = 1005.0000
2024-03-26 15:32:31,372 - F1 Score = 0.3790
2024-03-26 15:32:31,372 - Precision = 0.7051
2024-03-26 15:32:31,372 - Recall = 0.2592
2024-03-26 15:32:37,634 - n = 1010.0000
2024-03-26 15:32:37,634 - F1 Score = 0.3784
2024-03-26 15:32:37,634 - Precision = 0.7029
2024-03-26 15:32:37,634 - Recall = 0.2588
2024-03-26 15:32:43,902 - n = 1015.0000
2024-03-26 15:32:43,902 - F1 Score = 0.3792
2024-03-26 15:32:43,902 - Precision = 0.6989
2024-03-26 15:32:43,902 - Recall = 0.2602
2024-03-26 15:32:50,984 - n = 1020.0000
2024-03-26 15:32:50,984 - F1 Score = 0.3809
2024-03-26 15:32:50,984 - Precision = 0.7029
2024-03-26 15:32:50,984 - Recall = 0.2612
2024-03-26 15:32:57,326 - n = 1025.0000
2024-03-26 15:32:57,326 - F1 Score = 0.3891
2024-03-26 15:32:57,326 - Precision = 0.7056
2024-03-26 15:32:57,326 - Recall = 0.2686
2024-03-26 15:33:03,632 - n = 1030.0000
2024-03-26 15:33:03,632 - F1 Score = 0.3864
2024-03-26 15:33:03,632 - Precision = 0.7021
2024-03-26 15:33:03,632 - Recall = 0.2666
2024-03-26 15:33:09,113 - n = 1035.0000
2024-03-26 15:33:09,113 - F1 Score = 0.3869
2024-03-26 15:33:09,113 - Precision = 0.7053
2024-03-26 15:33:09,113 - Recall = 0.2666
2024-03-26 15:33:14,669 - n = 1040.0000
2024-03-26 15:33:14,669 - F1 Score = 0.3888
2024-03-26 15:33:14,669 - Precision = 0.7015
2024-03-26 15:33:14,669 - Recall = 0.2689
2024-03-26 15:33:20,952 - n = 1045.0000
2024-03-26 15:33:20,952 - F1 Score = 0.3909
2024-03-26 15:33:20,952 - Precision = 0.7012
2024-03-26 15:33:20,952 - Recall = 0.2710
2024-03-26 15:33:26,513 - n = 1050.0000
2024-03-26 15:33:26,513 - F1 Score = 0.3923
2024-03-26 15:33:26,513 - Precision = 0.7016
2024-03-26 15:33:26,513 - Recall = 0.2723
2024-03-26 15:33:32,135 - n = 1055.0000
2024-03-26 15:33:32,135 - F1 Score = 0.3946
2024-03-26 15:33:32,135 - Precision = 0.7004
2024-03-26 15:33:32,135 - Recall = 0.2747
2024-03-26 15:33:37,347 - n = 1060.0000
2024-03-26 15:33:37,347 - F1 Score = 0.3936
2024-03-26 15:33:37,347 - Precision = 0.6987
2024-03-26 15:33:37,347 - Recall = 0.2740
2024-03-26 15:33:43,421 - n = 1065.0000
2024-03-26 15:33:43,421 - F1 Score = 0.3978
2024-03-26 15:33:43,421 - Precision = 0.7031
2024-03-26 15:33:43,421 - Recall = 0.2773
2024-03-26 15:33:50,756 - n = 1070.0000
2024-03-26 15:33:50,756 - F1 Score = 0.3979
2024-03-26 15:33:50,756 - Precision = 0.7015
2024-03-26 15:33:50,756 - Recall = 0.2777
2024-03-26 15:33:57,198 - n = 1075.0000
2024-03-26 15:33:57,198 - F1 Score = 0.4025
2024-03-26 15:33:57,198 - Precision = 0.7024
2024-03-26 15:33:57,198 - Recall = 0.2821
2024-03-26 15:34:03,815 - n = 1080.0000
2024-03-26 15:34:03,815 - F1 Score = 0.4064
2024-03-26 15:34:03,815 - Precision = 0.7034
2024-03-26 15:34:03,815 - Recall = 0.2858
2024-03-26 15:34:09,186 - n = 1085.0000
2024-03-26 15:34:09,186 - F1 Score = 0.4071
2024-03-26 15:34:09,186 - Precision = 0.7033
2024-03-26 15:34:09,186 - Recall = 0.2864
2024-03-26 15:34:14,438 - n = 1090.0000
2024-03-26 15:34:14,438 - F1 Score = 0.4062
2024-03-26 15:34:14,438 - Precision = 0.7043
2024-03-26 15:34:14,438 - Recall = 0.2854
2024-03-26 15:34:19,788 - n = 1095.0000
2024-03-26 15:34:19,788 - F1 Score = 0.4046
2024-03-26 15:34:19,788 - Precision = 0.7027
2024-03-26 15:34:19,788 - Recall = 0.2841
2024-03-26 15:34:26,216 - n = 1100.0000
2024-03-26 15:34:26,216 - F1 Score = 0.4095
2024-03-26 15:34:26,216 - Precision = 0.7053
2024-03-26 15:34:26,216 - Recall = 0.2885
2024-03-26 15:34:32,777 - n = 1105.0000
2024-03-26 15:34:32,777 - F1 Score = 0.4111
2024-03-26 15:34:32,778 - Precision = 0.7013
2024-03-26 15:34:32,778 - Recall = 0.2908
2024-03-26 15:34:38,273 - n = 1110.0000
2024-03-26 15:34:38,273 - F1 Score = 0.4141
2024-03-26 15:34:38,273 - Precision = 0.7012
2024-03-26 15:34:38,273 - Recall = 0.2938
2024-03-26 15:34:44,616 - n = 1115.0000
2024-03-26 15:34:44,616 - F1 Score = 0.4174
2024-03-26 15:34:44,616 - Precision = 0.7008
2024-03-26 15:34:44,616 - Recall = 0.2972
2024-03-26 15:34:50,904 - n = 1120.0000
2024-03-26 15:34:50,905 - F1 Score = 0.4196
2024-03-26 15:34:50,905 - Precision = 0.7002
2024-03-26 15:34:50,905 - Recall = 0.2996
2024-03-26 15:34:57,277 - n = 1125.0000
2024-03-26 15:34:57,277 - F1 Score = 0.4240
2024-03-26 15:34:57,277 - Precision = 0.7011
2024-03-26 15:34:57,277 - Recall = 0.3039
2024-03-26 15:35:03,547 - n = 1130.0000
2024-03-26 15:35:03,547 - F1 Score = 0.4289
2024-03-26 15:35:03,547 - Precision = 0.7046
2024-03-26 15:35:03,547 - Recall = 0.3083
2024-03-26 15:35:09,578 - n = 1135.0000
2024-03-26 15:35:09,578 - F1 Score = 0.4333
2024-03-26 15:35:09,578 - Precision = 0.7073
2024-03-26 15:35:09,578 - Recall = 0.3124
2024-03-26 15:35:15,459 - n = 1140.0000
2024-03-26 15:35:15,459 - F1 Score = 0.4301
2024-03-26 15:35:15,459 - Precision = 0.7020
2024-03-26 15:35:15,459 - Recall = 0.3100
2024-03-26 15:35:21,613 - n = 1145.0000
2024-03-26 15:35:21,613 - F1 Score = 0.4304
2024-03-26 15:35:21,613 - Precision = 0.7003
2024-03-26 15:35:21,613 - Recall = 0.3107
2024-03-26 15:35:28,143 - n = 1150.0000
2024-03-26 15:35:28,144 - F1 Score = 0.4304
2024-03-26 15:35:28,144 - Precision = 0.6984
2024-03-26 15:35:28,144 - Recall = 0.3110
2024-03-26 15:35:33,897 - n = 1155.0000
2024-03-26 15:35:33,897 - F1 Score = 0.4310
2024-03-26 15:35:33,897 - Precision = 0.6983
2024-03-26 15:35:33,897 - Recall = 0.3117
2024-03-26 15:35:41,680 - n = 1160.0000
2024-03-26 15:35:41,680 - F1 Score = 0.4360
2024-03-26 15:35:41,680 - Precision = 0.7010
2024-03-26 15:35:41,680 - Recall = 0.3164
2024-03-26 15:35:48,278 - n = 1165.0000
2024-03-26 15:35:48,278 - F1 Score = 0.4355
2024-03-26 15:35:48,278 - Precision = 0.7016
2024-03-26 15:35:48,278 - Recall = 0.3157
2024-03-26 15:35:54,945 - n = 1170.0000
2024-03-26 15:35:54,947 - F1 Score = 0.4411
2024-03-26 15:35:54,947 - Precision = 0.7041
2024-03-26 15:35:54,947 - Recall = 0.3211
2024-03-26 15:36:01,884 - n = 1175.0000
2024-03-26 15:36:01,884 - F1 Score = 0.4449
2024-03-26 15:36:01,884 - Precision = 0.7059
2024-03-26 15:36:01,884 - Recall = 0.3248
2024-03-26 15:36:07,485 - n = 1180.0000
2024-03-26 15:36:07,486 - F1 Score = 0.4410
2024-03-26 15:36:07,486 - Precision = 0.6991
2024-03-26 15:36:07,486 - Recall = 0.3221
2024-03-26 15:36:13,138 - n = 1185.0000
2024-03-26 15:36:13,138 - F1 Score = 0.4423
2024-03-26 15:36:13,138 - Precision = 0.6994
2024-03-26 15:36:13,138 - Recall = 0.3235
2024-03-26 15:36:19,826 - n = 1190.0000
2024-03-26 15:36:19,826 - F1 Score = 0.4437
2024-03-26 15:36:19,826 - Precision = 0.6998
2024-03-26 15:36:19,826 - Recall = 0.3248
2024-03-26 15:36:26,634 - n = 1195.0000
2024-03-26 15:36:26,634 - F1 Score = 0.4456
2024-03-26 15:36:26,634 - Precision = 0.7014
2024-03-26 15:36:26,634 - Recall = 0.3265
2024-03-26 15:36:33,544 - n = 1200.0000
2024-03-26 15:36:33,544 - F1 Score = 0.4429
2024-03-26 15:36:33,545 - Precision = 0.6975
2024-03-26 15:36:33,545 - Recall = 0.3245
2024-03-26 15:36:39,435 - n = 1205.0000
2024-03-26 15:36:39,436 - F1 Score = 0.4465
2024-03-26 15:36:39,436 - Precision = 0.6997
2024-03-26 15:36:39,436 - Recall = 0.3278
2024-03-26 15:36:45,381 - n = 1210.0000
2024-03-26 15:36:45,382 - F1 Score = 0.4454
2024-03-26 15:36:45,382 - Precision = 0.6991
2024-03-26 15:36:45,382 - Recall = 0.3268
2024-03-26 15:36:50,803 - n = 1215.0000
2024-03-26 15:36:50,803 - F1 Score = 0.4478
2024-03-26 15:36:50,804 - Precision = 0.6970
2024-03-26 15:36:50,804 - Recall = 0.3299
2024-03-26 15:36:56,585 - n = 1220.0000
2024-03-26 15:36:56,586 - F1 Score = 0.4491
2024-03-26 15:36:56,586 - Precision = 0.6956
2024-03-26 15:36:56,586 - Recall = 0.3315
2024-03-26 15:37:02,277 - n = 1225.0000
2024-03-26 15:37:02,277 - F1 Score = 0.4472
2024-03-26 15:37:02,277 - Precision = 0.6941
2024-03-26 15:37:02,277 - Recall = 0.3299
2024-03-26 15:37:09,219 - n = 1230.0000
2024-03-26 15:37:09,219 - F1 Score = 0.4486
2024-03-26 15:37:09,219 - Precision = 0.6937
2024-03-26 15:37:09,219 - Recall = 0.3315
2024-03-26 15:37:14,934 - n = 1235.0000
2024-03-26 15:37:14,934 - F1 Score = 0.4542
2024-03-26 15:37:14,934 - Precision = 0.6936
2024-03-26 15:37:14,934 - Recall = 0.3376
2024-03-26 15:37:20,516 - n = 1240.0000
2024-03-26 15:37:20,516 - F1 Score = 0.4538
2024-03-26 15:37:20,516 - Precision = 0.6934
2024-03-26 15:37:20,516 - Recall = 0.3373
2024-03-26 15:37:26,300 - n = 1245.0000
2024-03-26 15:37:26,300 - F1 Score = 0.4529
2024-03-26 15:37:26,300 - Precision = 0.6908
2024-03-26 15:37:26,300 - Recall = 0.3369
2024-03-26 15:37:32,014 - n = 1250.0000
2024-03-26 15:37:32,014 - F1 Score = 0.4549
2024-03-26 15:37:32,014 - Precision = 0.6899
2024-03-26 15:37:32,014 - Recall = 0.3393
2024-03-26 15:37:38,890 - n = 1255.0000
2024-03-26 15:37:38,891 - F1 Score = 0.4555
2024-03-26 15:37:38,891 - Precision = 0.6916
2024-03-26 15:37:38,891 - Recall = 0.3396
2024-03-26 15:37:45,658 - n = 1260.0000
2024-03-26 15:37:45,658 - F1 Score = 0.4553
2024-03-26 15:37:45,659 - Precision = 0.6906
2024-03-26 15:37:45,659 - Recall = 0.3396
2024-03-26 15:37:52,517 - n = 1265.0000
2024-03-26 15:37:52,517 - F1 Score = 0.4551
2024-03-26 15:37:52,517 - Precision = 0.6897
2024-03-26 15:37:52,517 - Recall = 0.3396
2024-03-26 15:37:58,018 - n = 1270.0000
2024-03-26 15:37:58,018 - F1 Score = 0.4522
2024-03-26 15:37:58,018 - Precision = 0.6846
2024-03-26 15:37:58,018 - Recall = 0.3376
2024-03-26 15:38:04,599 - n = 1275.0000
2024-03-26 15:38:04,599 - F1 Score = 0.4534
2024-03-26 15:38:04,599 - Precision = 0.6846
2024-03-26 15:38:04,599 - Recall = 0.3389
2024-03-26 15:38:11,455 - n = 1280.0000
2024-03-26 15:38:11,455 - F1 Score = 0.4547
2024-03-26 15:38:11,455 - Precision = 0.6850
2024-03-26 15:38:11,455 - Recall = 0.3403
2024-03-26 15:38:16,928 - n = 1285.0000
2024-03-26 15:38:16,928 - F1 Score = 0.4571
2024-03-26 15:38:16,928 - Precision = 0.6848
2024-03-26 15:38:16,928 - Recall = 0.3430
2024-03-26 15:38:23,702 - n = 1290.0000
2024-03-26 15:38:23,702 - F1 Score = 0.4588
2024-03-26 15:38:23,702 - Precision = 0.6859
2024-03-26 15:38:23,702 - Recall = 0.3447
2024-03-26 15:38:30,477 - n = 1295.0000
2024-03-26 15:38:30,477 - F1 Score = 0.4590
2024-03-26 15:38:30,477 - Precision = 0.6856
2024-03-26 15:38:30,477 - Recall = 0.3450
2024-03-26 15:38:37,194 - n = 1300.0000
2024-03-26 15:38:37,194 - F1 Score = 0.4613
2024-03-26 15:38:37,195 - Precision = 0.6866
2024-03-26 15:38:37,195 - Recall = 0.3474
2024-03-26 15:38:44,261 - n = 1305.0000
2024-03-26 15:38:44,262 - F1 Score = 0.4597
2024-03-26 15:38:44,262 - Precision = 0.6821
2024-03-26 15:38:44,262 - Recall = 0.3467
2024-03-26 15:38:49,722 - n = 1310.0000
2024-03-26 15:38:49,722 - F1 Score = 0.4609
2024-03-26 15:38:49,722 - Precision = 0.6832
2024-03-26 15:38:49,722 - Recall = 0.3477
2024-03-26 15:38:54,997 - n = 1315.0000
2024-03-26 15:38:54,997 - F1 Score = 0.4605
2024-03-26 15:38:54,997 - Precision = 0.6818
2024-03-26 15:38:54,997 - Recall = 0.3477
2024-03-26 15:39:00,404 - n = 1320.0000
2024-03-26 15:39:00,404 - F1 Score = 0.4598
2024-03-26 15:39:00,404 - Precision = 0.6798
2024-03-26 15:39:00,404 - Recall = 0.3474
2024-03-26 15:39:06,983 - n = 1325.0000
2024-03-26 15:39:06,983 - F1 Score = 0.4611
2024-03-26 15:39:06,983 - Precision = 0.6802
2024-03-26 15:39:06,983 - Recall = 0.3487
2024-03-26 15:39:12,458 - n = 1330.0000
2024-03-26 15:39:12,458 - F1 Score = 0.4613
2024-03-26 15:39:12,458 - Precision = 0.6800
2024-03-26 15:39:12,458 - Recall = 0.3490
2024-03-26 15:39:19,321 - n = 1335.0000
2024-03-26 15:39:19,321 - F1 Score = 0.4622
2024-03-26 15:39:19,321 - Precision = 0.6775
2024-03-26 15:39:19,321 - Recall = 0.3507
2024-03-26 15:39:25,809 - n = 1340.0000
2024-03-26 15:39:25,809 - F1 Score = 0.4637
2024-03-26 15:39:25,809 - Precision = 0.6766
2024-03-26 15:39:25,809 - Recall = 0.3527
2024-03-26 15:39:32,519 - n = 1345.0000
2024-03-26 15:39:32,519 - F1 Score = 0.4632
2024-03-26 15:39:32,519 - Precision = 0.6733
2024-03-26 15:39:32,519 - Recall = 0.3531
2024-03-26 15:39:39,106 - n = 1350.0000
2024-03-26 15:39:39,106 - F1 Score = 0.4628
2024-03-26 15:39:39,106 - Precision = 0.6716
2024-03-26 15:39:39,106 - Recall = 0.3531
2024-03-26 15:39:46,066 - n = 1355.0000
2024-03-26 15:39:46,066 - F1 Score = 0.4658
2024-03-26 15:39:46,066 - Precision = 0.6730
2024-03-26 15:39:46,066 - Recall = 0.3561
2024-03-26 15:39:52,937 - n = 1360.0000
2024-03-26 15:39:52,937 - F1 Score = 0.4679
2024-03-26 15:39:52,937 - Precision = 0.6721
2024-03-26 15:39:52,937 - Recall = 0.3588
2024-03-26 15:40:00,704 - n = 1365.0000
2024-03-26 15:40:00,704 - F1 Score = 0.4690
2024-03-26 15:40:00,704 - Precision = 0.6711
2024-03-26 15:40:00,705 - Recall = 0.3605
2024-03-26 15:40:06,609 - n = 1370.0000
2024-03-26 15:40:06,609 - F1 Score = 0.4674
2024-03-26 15:40:06,609 - Precision = 0.6704
2024-03-26 15:40:06,609 - Recall = 0.3588
2024-03-26 15:40:13,415 - n = 1375.0000
2024-03-26 15:40:13,415 - F1 Score = 0.4634
2024-03-26 15:40:13,415 - Precision = 0.6669
2024-03-26 15:40:13,415 - Recall = 0.3551
2024-03-26 15:40:20,513 - n = 1380.0000
2024-03-26 15:40:20,513 - F1 Score = 0.4665
2024-03-26 15:40:20,513 - Precision = 0.6677
2024-03-26 15:40:20,513 - Recall = 0.3585
2024-03-26 15:40:26,860 - n = 1385.0000
2024-03-26 15:40:26,860 - F1 Score = 0.4645
2024-03-26 15:40:26,860 - Precision = 0.6654
2024-03-26 15:40:26,860 - Recall = 0.3568
2024-03-26 15:40:33,711 - n = 1390.0000
2024-03-26 15:40:33,711 - F1 Score = 0.4659
2024-03-26 15:40:33,711 - Precision = 0.6642
2024-03-26 15:40:33,711 - Recall = 0.3588
2024-03-26 15:40:41,241 - n = 1395.0000
2024-03-26 15:40:41,241 - F1 Score = 0.4701
2024-03-26 15:40:41,241 - Precision = 0.6660
2024-03-26 15:40:41,241 - Recall = 0.3632
2024-03-26 15:40:48,426 - n = 1400.0000
2024-03-26 15:40:48,426 - F1 Score = 0.4714
2024-03-26 15:40:48,426 - Precision = 0.6648
2024-03-26 15:40:48,426 - Recall = 0.3652
2024-03-26 15:40:55,364 - n = 1405.0000
2024-03-26 15:40:55,364 - F1 Score = 0.4712
2024-03-26 15:40:55,364 - Precision = 0.6650
2024-03-26 15:40:55,364 - Recall = 0.3649
2024-03-26 15:41:02,114 - n = 1410.0000
2024-03-26 15:41:02,114 - F1 Score = 0.4697
2024-03-26 15:41:02,114 - Precision = 0.6624
2024-03-26 15:41:02,114 - Recall = 0.3639
2024-03-26 15:41:09,170 - n = 1415.0000
2024-03-26 15:41:09,170 - F1 Score = 0.4691
2024-03-26 15:41:09,170 - Precision = 0.6610
2024-03-26 15:41:09,170 - Recall = 0.3635
2024-03-26 15:41:16,310 - n = 1420.0000
2024-03-26 15:41:16,310 - F1 Score = 0.4683
2024-03-26 15:41:16,310 - Precision = 0.6601
2024-03-26 15:41:16,310 - Recall = 0.3628
2024-03-26 15:41:23,698 - n = 1425.0000
2024-03-26 15:41:23,698 - F1 Score = 0.4709
2024-03-26 15:41:23,698 - Precision = 0.6604
2024-03-26 15:41:23,698 - Recall = 0.3659
2024-03-26 15:41:30,677 - n = 1430.0000
2024-03-26 15:41:30,677 - F1 Score = 0.4741
2024-03-26 15:41:30,677 - Precision = 0.6610
2024-03-26 15:41:30,677 - Recall = 0.3696
2024-03-26 15:41:38,004 - n = 1435.0000
2024-03-26 15:41:38,004 - F1 Score = 0.4766
2024-03-26 15:41:38,004 - Precision = 0.6623
2024-03-26 15:41:38,004 - Recall = 0.3723
2024-03-26 15:41:44,546 - n = 1440.0000
2024-03-26 15:41:44,547 - F1 Score = 0.4751
2024-03-26 15:41:44,547 - Precision = 0.6607
2024-03-26 15:41:44,547 - Recall = 0.3709
2024-03-26 15:41:50,490 - n = 1445.0000
2024-03-26 15:41:50,490 - F1 Score = 0.4738
2024-03-26 15:41:50,490 - Precision = 0.6579
2024-03-26 15:41:50,490 - Recall = 0.3702
2024-03-26 15:41:57,289 - n = 1450.0000
2024-03-26 15:41:57,289 - F1 Score = 0.4772
2024-03-26 15:41:57,289 - Precision = 0.6570
2024-03-26 15:41:57,289 - Recall = 0.3746
2024-03-26 15:42:03,189 - n = 1455.0000
2024-03-26 15:42:03,189 - F1 Score = 0.4781
2024-03-26 15:42:03,189 - Precision = 0.6586
2024-03-26 15:42:03,189 - Recall = 0.3753
2024-03-26 15:42:10,163 - n = 1460.0000
2024-03-26 15:42:10,163 - F1 Score = 0.4784
2024-03-26 15:42:10,163 - Precision = 0.6584
2024-03-26 15:42:10,163 - Recall = 0.3756
2024-03-26 15:42:17,379 - n = 1465.0000
2024-03-26 15:42:17,380 - F1 Score = 0.4845
2024-03-26 15:42:17,380 - Precision = 0.6622
2024-03-26 15:42:17,380 - Recall = 0.3820
2024-03-26 15:42:24,048 - n = 1470.0000
2024-03-26 15:42:24,048 - F1 Score = 0.4837
2024-03-26 15:42:24,048 - Precision = 0.6601
2024-03-26 15:42:24,048 - Recall = 0.3817
2024-03-26 15:42:31,033 - n = 1475.0000
2024-03-26 15:42:31,033 - F1 Score = 0.4829
2024-03-26 15:42:31,033 - Precision = 0.6583
2024-03-26 15:42:31,033 - Recall = 0.3814
2024-03-26 15:42:37,324 - n = 1480.0000
2024-03-26 15:42:37,325 - F1 Score = 0.4809
2024-03-26 15:42:37,325 - Precision = 0.6558
2024-03-26 15:42:37,325 - Recall = 0.3797
2024-03-26 15:42:44,465 - n = 1485.0000
2024-03-26 15:42:44,465 - F1 Score = 0.4819
2024-03-26 15:42:44,465 - Precision = 0.6545
2024-03-26 15:42:44,465 - Recall = 0.3814
2024-03-26 15:42:51,123 - n = 1490.0000
2024-03-26 15:42:51,123 - F1 Score = 0.4825
2024-03-26 15:42:51,123 - Precision = 0.6546
2024-03-26 15:42:51,123 - Recall = 0.3820
2024-03-26 15:42:57,747 - n = 1495.0000
2024-03-26 15:42:57,747 - F1 Score = 0.4856
2024-03-26 15:42:57,747 - Precision = 0.6562
2024-03-26 15:42:57,747 - Recall = 0.3854
2024-03-26 15:43:04,943 - n = 1500.0000
2024-03-26 15:43:04,943 - F1 Score = 0.4877
2024-03-26 15:43:04,943 - Precision = 0.6572
2024-03-26 15:43:04,943 - Recall = 0.3877
2024-03-26 15:43:12,758 - n = 1505.0000
2024-03-26 15:43:12,758 - F1 Score = 0.4870
2024-03-26 15:43:12,758 - Precision = 0.6564
2024-03-26 15:43:12,758 - Recall = 0.3871
2024-03-26 15:43:20,136 - n = 1510.0000
2024-03-26 15:43:20,137 - F1 Score = 0.4895
2024-03-26 15:43:20,137 - Precision = 0.6570
2024-03-26 15:43:20,137 - Recall = 0.3901
2024-03-26 15:43:26,561 - n = 1515.0000
2024-03-26 15:43:26,561 - F1 Score = 0.4898
2024-03-26 15:43:26,561 - Precision = 0.6569
2024-03-26 15:43:26,561 - Recall = 0.3904
2024-03-26 15:43:33,295 - n = 1520.0000
2024-03-26 15:43:33,295 - F1 Score = 0.4881
2024-03-26 15:43:33,295 - Precision = 0.6546
2024-03-26 15:43:33,295 - Recall = 0.3891
2024-03-26 15:43:40,055 - n = 1525.0000
2024-03-26 15:43:40,055 - F1 Score = 0.4885
2024-03-26 15:43:40,055 - Precision = 0.6542
2024-03-26 15:43:40,055 - Recall = 0.3898
2024-03-26 15:43:47,191 - n = 1530.0000
2024-03-26 15:43:47,191 - F1 Score = 0.4877
2024-03-26 15:43:47,191 - Precision = 0.6531
2024-03-26 15:43:47,191 - Recall = 0.3891
2024-03-26 15:43:54,042 - n = 1535.0000
2024-03-26 15:43:54,042 - F1 Score = 0.4865
2024-03-26 15:43:54,042 - Precision = 0.6527
2024-03-26 15:43:54,042 - Recall = 0.3877
2024-03-26 15:44:00,219 - n = 1540.0000
2024-03-26 15:44:00,219 - F1 Score = 0.4873
2024-03-26 15:44:00,220 - Precision = 0.6507
2024-03-26 15:44:00,220 - Recall = 0.3894
2024-03-26 15:44:07,188 - n = 1545.0000
2024-03-26 15:44:07,188 - F1 Score = 0.4910
2024-03-26 15:44:07,188 - Precision = 0.6536
2024-03-26 15:44:07,188 - Recall = 0.3931
2024-03-26 15:44:14,022 - n = 1550.0000
2024-03-26 15:44:14,022 - F1 Score = 0.4910
2024-03-26 15:44:14,022 - Precision = 0.6527
2024-03-26 15:44:14,022 - Recall = 0.3935
2024-03-26 15:44:21,946 - n = 1555.0000
2024-03-26 15:44:21,946 - F1 Score = 0.4895
2024-03-26 15:44:21,946 - Precision = 0.6503
2024-03-26 15:44:21,946 - Recall = 0.3925
2024-03-26 15:44:28,555 - n = 1560.0000
2024-03-26 15:44:28,556 - F1 Score = 0.4905
2024-03-26 15:44:28,556 - Precision = 0.6500
2024-03-26 15:44:28,556 - Recall = 0.3938
2024-03-26 15:44:35,809 - n = 1565.0000
2024-03-26 15:44:35,809 - F1 Score = 0.4907
2024-03-26 15:44:35,809 - Precision = 0.6481
2024-03-26 15:44:35,809 - Recall = 0.3948
2024-03-26 15:44:43,676 - n = 1570.0000
2024-03-26 15:44:43,676 - F1 Score = 0.4919
2024-03-26 15:44:43,676 - Precision = 0.6476
2024-03-26 15:44:43,676 - Recall = 0.3965
2024-03-26 15:44:50,739 - n = 1575.0000
2024-03-26 15:44:50,739 - F1 Score = 0.4900
2024-03-26 15:44:50,739 - Precision = 0.6456
2024-03-26 15:44:50,739 - Recall = 0.3948
2024-03-26 15:44:58,760 - n = 1580.0000
2024-03-26 15:44:58,760 - F1 Score = 0.4861
2024-03-26 15:44:58,760 - Precision = 0.6420
2024-03-26 15:44:58,760 - Recall = 0.3911
2024-03-26 15:45:05,309 - n = 1585.0000
2024-03-26 15:45:05,309 - F1 Score = 0.4906
2024-03-26 15:45:05,309 - Precision = 0.6434
2024-03-26 15:45:05,309 - Recall = 0.3965
2024-03-26 15:45:12,993 - n = 1590.0000
2024-03-26 15:45:12,993 - F1 Score = 0.4900
2024-03-26 15:45:12,993 - Precision = 0.6421
2024-03-26 15:45:12,993 - Recall = 0.3962
2024-03-26 15:45:19,711 - n = 1595.0000
2024-03-26 15:45:19,711 - F1 Score = 0.4901
2024-03-26 15:45:19,711 - Precision = 0.6408
2024-03-26 15:45:19,711 - Recall = 0.3968
2024-03-26 15:45:26,613 - n = 1600.0000
2024-03-26 15:45:26,613 - F1 Score = 0.4922
2024-03-26 15:45:26,613 - Precision = 0.6409
2024-03-26 15:45:26,613 - Recall = 0.3995
2024-03-26 15:45:33,332 - n = 1605.0000
2024-03-26 15:45:33,332 - F1 Score = 0.4928
2024-03-26 15:45:33,332 - Precision = 0.6413
2024-03-26 15:45:33,332 - Recall = 0.4002
2024-03-26 15:45:40,246 - n = 1610.0000
2024-03-26 15:45:40,246 - F1 Score = 0.4939
2024-03-26 15:45:40,246 - Precision = 0.6414
2024-03-26 15:45:40,246 - Recall = 0.4015
2024-03-26 15:45:46,836 - n = 1615.0000
2024-03-26 15:45:46,836 - F1 Score = 0.4946
2024-03-26 15:45:46,836 - Precision = 0.6404
2024-03-26 15:45:46,836 - Recall = 0.4029
2024-03-26 15:45:54,745 - n = 1620.0000
2024-03-26 15:45:54,745 - F1 Score = 0.4964
2024-03-26 15:45:54,745 - Precision = 0.6413
2024-03-26 15:45:54,745 - Recall = 0.4049
2024-03-26 15:46:01,467 - n = 1625.0000
2024-03-26 15:46:01,467 - F1 Score = 0.4980
2024-03-26 15:46:01,467 - Precision = 0.6417
2024-03-26 15:46:01,467 - Recall = 0.4069
2024-03-26 15:46:08,516 - n = 1630.0000
2024-03-26 15:46:08,517 - F1 Score = 0.4984
2024-03-26 15:46:08,517 - Precision = 0.6411
2024-03-26 15:46:08,517 - Recall = 0.4076
2024-03-26 15:46:14,506 - n = 1635.0000
2024-03-26 15:46:14,506 - F1 Score = 0.4979
2024-03-26 15:46:14,506 - Precision = 0.6389
2024-03-26 15:46:14,506 - Recall = 0.4079
2024-03-26 15:46:20,521 - n = 1640.0000
2024-03-26 15:46:20,521 - F1 Score = 0.5012
2024-03-26 15:46:20,521 - Precision = 0.6406
2024-03-26 15:46:20,521 - Recall = 0.4116
2024-03-26 15:46:26,633 - n = 1645.0000
2024-03-26 15:46:26,633 - F1 Score = 0.4988
2024-03-26 15:46:26,633 - Precision = 0.6383
2024-03-26 15:46:26,633 - Recall = 0.4093
2024-03-26 15:46:32,644 - n = 1650.0000
2024-03-26 15:46:32,644 - F1 Score = 0.5005
2024-03-26 15:46:32,644 - Precision = 0.6383
2024-03-26 15:46:32,644 - Recall = 0.4116
2024-03-26 15:46:38,357 - n = 1655.0000
2024-03-26 15:46:38,358 - F1 Score = 0.5048
2024-03-26 15:46:38,358 - Precision = 0.6401
2024-03-26 15:46:38,358 - Recall = 0.4167
2024-03-26 15:46:44,351 - n = 1660.0000
2024-03-26 15:46:44,351 - F1 Score = 0.5061
2024-03-26 15:46:44,351 - Precision = 0.6412
2024-03-26 15:46:44,351 - Recall = 0.4180
2024-03-26 15:46:50,760 - n = 1665.0000
2024-03-26 15:46:50,761 - F1 Score = 0.5019
2024-03-26 15:46:50,761 - Precision = 0.6373
2024-03-26 15:46:50,761 - Recall = 0.4140
2024-03-26 15:46:56,974 - n = 1670.0000
2024-03-26 15:46:56,974 - F1 Score = 0.5008
2024-03-26 15:46:56,974 - Precision = 0.6361
2024-03-26 15:46:56,974 - Recall = 0.4130
2024-03-26 15:47:03,139 - n = 1675.0000
2024-03-26 15:47:03,139 - F1 Score = 0.5012
2024-03-26 15:47:03,139 - Precision = 0.6350
2024-03-26 15:47:03,139 - Recall = 0.4140
2024-03-26 15:47:10,092 - n = 1680.0000
2024-03-26 15:47:10,092 - F1 Score = 0.5013
2024-03-26 15:47:10,092 - Precision = 0.6337
2024-03-26 15:47:10,092 - Recall = 0.4147
2024-03-26 15:47:17,414 - n = 1685.0000
2024-03-26 15:47:17,414 - F1 Score = 0.5034
2024-03-26 15:47:17,414 - Precision = 0.6347
2024-03-26 15:47:17,414 - Recall = 0.4170
2024-03-26 15:47:23,501 - n = 1690.0000
2024-03-26 15:47:23,501 - F1 Score = 0.5036
2024-03-26 15:47:23,501 - Precision = 0.6346
2024-03-26 15:47:23,501 - Recall = 0.4174
2024-03-26 15:47:29,646 - n = 1695.0000
2024-03-26 15:47:29,646 - F1 Score = 0.5062
2024-03-26 15:47:29,646 - Precision = 0.6352
2024-03-26 15:47:29,646 - Recall = 0.4207
2024-03-26 15:47:36,757 - n = 1700.0000
2024-03-26 15:47:36,757 - F1 Score = 0.5101
2024-03-26 15:47:36,757 - Precision = 0.6368
2024-03-26 15:47:36,757 - Recall = 0.4254
2024-03-26 15:47:42,522 - n = 1705.0000
2024-03-26 15:47:42,522 - F1 Score = 0.5115
2024-03-26 15:47:42,522 - Precision = 0.6374
2024-03-26 15:47:42,522 - Recall = 0.4271
2024-03-26 15:47:48,180 - n = 1710.0000
2024-03-26 15:47:48,180 - F1 Score = 0.5116
2024-03-26 15:47:48,180 - Precision = 0.6369
2024-03-26 15:47:48,180 - Recall = 0.4275
2024-03-26 15:47:53,799 - n = 1715.0000
2024-03-26 15:47:53,800 - F1 Score = 0.5134
2024-03-26 15:47:53,800 - Precision = 0.6372
2024-03-26 15:47:53,800 - Recall = 0.4298
2024-03-26 15:47:59,642 - n = 1720.0000
2024-03-26 15:47:59,643 - F1 Score = 0.5149
2024-03-26 15:47:59,643 - Precision = 0.6389
2024-03-26 15:47:59,643 - Recall = 0.4312
2024-03-26 15:48:05,615 - n = 1725.0000
2024-03-26 15:48:05,615 - F1 Score = 0.5199
2024-03-26 15:48:05,615 - Precision = 0.6412
2024-03-26 15:48:05,615 - Recall = 0.4372
2024-03-26 15:48:11,264 - n = 1730.0000
2024-03-26 15:48:11,264 - F1 Score = 0.5185
2024-03-26 15:48:11,264 - Precision = 0.6398
2024-03-26 15:48:11,264 - Recall = 0.4359
2024-03-26 15:48:17,610 - n = 1735.0000
2024-03-26 15:48:17,611 - F1 Score = 0.5177
2024-03-26 15:48:17,611 - Precision = 0.6388
2024-03-26 15:48:17,611 - Recall = 0.4352
2024-03-26 15:48:23,725 - n = 1740.0000
2024-03-26 15:48:23,725 - F1 Score = 0.5231
2024-03-26 15:48:23,725 - Precision = 0.6416
2024-03-26 15:48:23,725 - Recall = 0.4416
2024-03-26 15:48:31,034 - n = 1745.0000
2024-03-26 15:48:31,034 - F1 Score = 0.5239
2024-03-26 15:48:31,034 - Precision = 0.6418
2024-03-26 15:48:31,034 - Recall = 0.4426
2024-03-26 15:48:37,182 - n = 1750.0000
2024-03-26 15:48:37,183 - F1 Score = 0.5245
2024-03-26 15:48:37,183 - Precision = 0.6406
2024-03-26 15:48:37,183 - Recall = 0.4440
2024-03-26 15:48:43,247 - n = 1755.0000
2024-03-26 15:48:43,247 - F1 Score = 0.5245
2024-03-26 15:48:43,247 - Precision = 0.6414
2024-03-26 15:48:43,247 - Recall = 0.4436
2024-03-26 15:48:49,297 - n = 1760.0000
2024-03-26 15:48:49,297 - F1 Score = 0.5253
2024-03-26 15:48:49,297 - Precision = 0.6404
2024-03-26 15:48:49,297 - Recall = 0.4453
2024-03-26 15:48:55,434 - n = 1765.0000
2024-03-26 15:48:55,434 - F1 Score = 0.5230
2024-03-26 15:48:55,434 - Precision = 0.6390
2024-03-26 15:48:55,434 - Recall = 0.4426
2024-03-26 15:49:01,406 - n = 1770.0000
2024-03-26 15:49:01,406 - F1 Score = 0.5247
2024-03-26 15:49:01,406 - Precision = 0.6385
2024-03-26 15:49:01,406 - Recall = 0.4453
2024-03-26 15:49:07,723 - n = 1775.0000
2024-03-26 15:49:07,723 - F1 Score = 0.5255
2024-03-26 15:49:07,723 - Precision = 0.6383
2024-03-26 15:49:07,723 - Recall = 0.4467
2024-03-26 15:49:13,860 - n = 1780.0000
2024-03-26 15:49:13,860 - F1 Score = 0.5246
2024-03-26 15:49:13,860 - Precision = 0.6370
2024-03-26 15:49:13,860 - Recall = 0.4460
2024-03-26 15:49:20,393 - n = 1785.0000
2024-03-26 15:49:20,393 - F1 Score = 0.5278
2024-03-26 15:49:20,393 - Precision = 0.6382
2024-03-26 15:49:20,393 - Recall = 0.4500
2024-03-26 15:49:27,018 - n = 1790.0000
2024-03-26 15:49:27,018 - F1 Score = 0.5288
2024-03-26 15:49:27,018 - Precision = 0.6390
2024-03-26 15:49:27,018 - Recall = 0.4510
2024-03-26 15:49:33,119 - n = 1795.0000
2024-03-26 15:49:33,119 - F1 Score = 0.5302
2024-03-26 15:49:33,119 - Precision = 0.6391
2024-03-26 15:49:33,119 - Recall = 0.4530
2024-03-26 15:49:39,136 - n = 1800.0000
2024-03-26 15:49:39,136 - F1 Score = 0.5313
2024-03-26 15:49:39,136 - Precision = 0.6395
2024-03-26 15:49:39,136 - Recall = 0.4544
2024-03-26 15:49:45,211 - n = 1805.0000
2024-03-26 15:49:45,212 - F1 Score = 0.5292
2024-03-26 15:49:45,212 - Precision = 0.6387
2024-03-26 15:49:45,212 - Recall = 0.4517
2024-03-26 15:49:51,688 - n = 1810.0000
2024-03-26 15:49:51,688 - F1 Score = 0.5301
2024-03-26 15:49:51,688 - Precision = 0.6388
2024-03-26 15:49:51,688 - Recall = 0.4530
2024-03-26 15:49:57,704 - n = 1815.0000
2024-03-26 15:49:57,704 - F1 Score = 0.5289
2024-03-26 15:49:57,704 - Precision = 0.6378
2024-03-26 15:49:57,704 - Recall = 0.4517
2024-03-26 15:50:03,820 - n = 1820.0000
2024-03-26 15:50:03,820 - F1 Score = 0.5313
2024-03-26 15:50:03,820 - Precision = 0.6388
2024-03-26 15:50:03,820 - Recall = 0.4547
2024-03-26 15:50:09,978 - n = 1825.0000
2024-03-26 15:50:09,978 - F1 Score = 0.5318
2024-03-26 15:50:09,978 - Precision = 0.6376
2024-03-26 15:50:09,978 - Recall = 0.4561
2024-03-26 15:50:17,600 - n = 1830.0000
2024-03-26 15:50:17,600 - F1 Score = 0.5330
2024-03-26 15:50:17,600 - Precision = 0.6386
2024-03-26 15:50:17,600 - Recall = 0.4574
2024-03-26 15:50:23,710 - n = 1835.0000
2024-03-26 15:50:23,710 - F1 Score = 0.5339
2024-03-26 15:50:23,710 - Precision = 0.6391
2024-03-26 15:50:23,710 - Recall = 0.4584
2024-03-26 15:50:30,636 - n = 1840.0000
2024-03-26 15:50:30,636 - F1 Score = 0.5321
2024-03-26 15:50:30,636 - Precision = 0.6378
2024-03-26 15:50:30,636 - Recall = 0.4564
2024-03-26 15:50:37,417 - n = 1845.0000
2024-03-26 15:50:37,417 - F1 Score = 0.5332
2024-03-26 15:50:37,417 - Precision = 0.6378
2024-03-26 15:50:37,417 - Recall = 0.4581
2024-03-26 15:50:43,897 - n = 1850.0000
2024-03-26 15:50:43,897 - F1 Score = 0.5350
2024-03-26 15:50:43,897 - Precision = 0.6391
2024-03-26 15:50:43,897 - Recall = 0.4601
2024-03-26 15:50:50,556 - n = 1855.0000
2024-03-26 15:50:50,556 - F1 Score = 0.5334
2024-03-26 15:50:50,556 - Precision = 0.6369
2024-03-26 15:50:50,556 - Recall = 0.4588
2024-03-26 15:50:57,264 - n = 1860.0000
2024-03-26 15:50:57,264 - F1 Score = 0.5345
2024-03-26 15:50:57,264 - Precision = 0.6376
2024-03-26 15:50:57,264 - Recall = 0.4601
2024-03-26 15:51:03,933 - n = 1865.0000
2024-03-26 15:51:03,933 - F1 Score = 0.5330
2024-03-26 15:51:03,933 - Precision = 0.6353
2024-03-26 15:51:03,933 - Recall = 0.4591
2024-03-26 15:51:10,033 - n = 1870.0000
2024-03-26 15:51:10,033 - F1 Score = 0.5328
2024-03-26 15:51:10,033 - Precision = 0.6340
2024-03-26 15:51:10,033 - Recall = 0.4594
2024-03-26 15:51:15,972 - n = 1875.0000
2024-03-26 15:51:15,972 - F1 Score = 0.5329
2024-03-26 15:51:15,972 - Precision = 0.6336
2024-03-26 15:51:15,972 - Recall = 0.4598
2024-03-26 15:51:22,227 - n = 1880.0000
2024-03-26 15:51:22,227 - F1 Score = 0.5330
2024-03-26 15:51:22,227 - Precision = 0.6327
2024-03-26 15:51:22,227 - Recall = 0.4605
2024-03-26 15:51:28,475 - n = 1885.0000
2024-03-26 15:51:28,475 - F1 Score = 0.5346
2024-03-26 15:51:28,475 - Precision = 0.6335
2024-03-26 15:51:28,475 - Recall = 0.4625
2024-03-26 15:51:34,923 - n = 1890.0000
2024-03-26 15:51:34,923 - F1 Score = 0.5352
2024-03-26 15:51:34,923 - Precision = 0.6338
2024-03-26 15:51:34,923 - Recall = 0.4631
2024-03-26 15:51:40,802 - n = 1895.0000
2024-03-26 15:51:40,802 - F1 Score = 0.5382
2024-03-26 15:51:40,802 - Precision = 0.6347
2024-03-26 15:51:40,802 - Recall = 0.4672
2024-03-26 15:51:47,957 - n = 1900.0000
2024-03-26 15:51:47,957 - F1 Score = 0.5409
2024-03-26 15:51:47,958 - Precision = 0.6353
2024-03-26 15:51:47,958 - Recall = 0.4709
2024-03-26 15:51:55,071 - n = 1905.0000
2024-03-26 15:51:55,071 - F1 Score = 0.5396
2024-03-26 15:51:55,071 - Precision = 0.6330
2024-03-26 15:51:55,071 - Recall = 0.4702
2024-03-26 15:52:01,068 - n = 1910.0000
2024-03-26 15:52:01,068 - F1 Score = 0.5430
2024-03-26 15:52:01,068 - Precision = 0.6346
2024-03-26 15:52:01,068 - Recall = 0.4746
2024-03-26 15:52:07,476 - n = 1915.0000
2024-03-26 15:52:07,476 - F1 Score = 0.5415
2024-03-26 15:52:07,476 - Precision = 0.6328
2024-03-26 15:52:07,476 - Recall = 0.4732
2024-03-26 15:52:13,570 - n = 1920.0000
2024-03-26 15:52:13,570 - F1 Score = 0.5454
2024-03-26 15:52:13,570 - Precision = 0.6344
2024-03-26 15:52:13,570 - Recall = 0.4783
2024-03-26 15:52:19,589 - n = 1925.0000
2024-03-26 15:52:19,589 - F1 Score = 0.5431
2024-03-26 15:52:19,589 - Precision = 0.6331
2024-03-26 15:52:19,589 - Recall = 0.4756
2024-03-26 15:52:25,312 - n = 1930.0000
2024-03-26 15:52:25,312 - F1 Score = 0.5451
2024-03-26 15:52:25,312 - Precision = 0.6335
2024-03-26 15:52:25,312 - Recall = 0.4783
2024-03-26 15:52:32,899 - n = 1935.0000
2024-03-26 15:52:32,899 - F1 Score = 0.5441
2024-03-26 15:52:32,900 - Precision = 0.6321
2024-03-26 15:52:32,900 - Recall = 0.4776
2024-03-26 15:52:39,931 - n = 1940.0000
2024-03-26 15:52:39,931 - F1 Score = 0.5452
2024-03-26 15:52:39,931 - Precision = 0.6320
2024-03-26 15:52:39,931 - Recall = 0.4793
2024-03-26 15:52:47,509 - n = 1945.0000
2024-03-26 15:52:47,509 - F1 Score = 0.5463
2024-03-26 15:52:47,509 - Precision = 0.6320
2024-03-26 15:52:47,509 - Recall = 0.4810
2024-03-26 15:52:53,933 - n = 1950.0000
2024-03-26 15:52:53,933 - F1 Score = 0.5459
2024-03-26 15:52:53,933 - Precision = 0.6305
2024-03-26 15:52:53,934 - Recall = 0.4813
2024-03-26 15:53:01,073 - n = 1955.0000
2024-03-26 15:53:01,073 - F1 Score = 0.5441
2024-03-26 15:53:01,073 - Precision = 0.6286
2024-03-26 15:53:01,073 - Recall = 0.4796
2024-03-26 15:53:07,219 - n = 1960.0000
2024-03-26 15:53:07,219 - F1 Score = 0.5472
2024-03-26 15:53:07,219 - Precision = 0.6300
2024-03-26 15:53:07,219 - Recall = 0.4837
2024-03-26 15:53:14,443 - n = 1965.0000
2024-03-26 15:53:14,444 - F1 Score = 0.5460
2024-03-26 15:53:14,444 - Precision = 0.6291
2024-03-26 15:53:14,444 - Recall = 0.4823
2024-03-26 15:53:20,332 - n = 1970.0000
2024-03-26 15:53:20,332 - F1 Score = 0.5476
2024-03-26 15:53:20,332 - Precision = 0.6294
2024-03-26 15:53:20,332 - Recall = 0.4847
2024-03-26 15:53:26,566 - n = 1975.0000
2024-03-26 15:53:26,566 - F1 Score = 0.5487
2024-03-26 15:53:26,566 - Precision = 0.6300
2024-03-26 15:53:26,566 - Recall = 0.4860
2024-03-26 15:53:33,018 - n = 1980.0000
2024-03-26 15:53:33,018 - F1 Score = 0.5495
2024-03-26 15:53:33,018 - Precision = 0.6298
2024-03-26 15:53:33,018 - Recall = 0.4874
2024-03-26 15:53:38,713 - n = 1985.0000
2024-03-26 15:53:38,713 - F1 Score = 0.5494
2024-03-26 15:53:38,713 - Precision = 0.6296
2024-03-26 15:53:38,713 - Recall = 0.4874
2024-03-26 15:53:45,004 - n = 1990.0000
2024-03-26 15:53:45,005 - F1 Score = 0.5511
2024-03-26 15:53:45,005 - Precision = 0.6295
2024-03-26 15:53:45,005 - Recall = 0.4901
2024-03-26 15:53:51,224 - n = 1995.0000
2024-03-26 15:53:51,225 - F1 Score = 0.5486
2024-03-26 15:53:51,225 - Precision = 0.6267
2024-03-26 15:53:51,225 - Recall = 0.4877
