2024-04-23 09:31:47,145 - n = 10.0000
2024-04-23 09:31:47,147 - F1 Score = 0.0067
2024-04-23 09:31:47,147 - Precision = 1.0000
2024-04-23 09:31:47,147 - Recall = 0.0034
2024-04-23 09:31:47,202 - Probabilities of randomly chosen items: [0.20057123 0.23736068 0.25477436 0.26926852 0.26967837]
2024-04-23 09:37:38,157 - n = 15.0000
2024-04-23 09:37:38,158 - F1 Score = 0.0094
2024-04-23 09:37:38,158 - Precision = 0.9333
2024-04-23 09:37:38,158 - Recall = 0.0047
2024-04-23 09:37:38,169 - Probabilities of randomly chosen items: [0.20217996 0.22414755 0.2254177  0.23501166 0.26977138]
2024-04-23 09:42:08,827 - n = 20.0000
2024-04-23 09:42:08,827 - F1 Score = 0.0107
2024-04-23 09:42:08,827 - Precision = 0.8000
2024-04-23 09:42:08,827 - Recall = 0.0054
2024-04-23 09:42:08,839 - Probabilities of randomly chosen items: [0.20273873 0.22159585 0.26947673 0.26972111 0.27033966]
2024-04-23 09:46:16,475 - n = 25.0000
2024-04-23 09:46:16,475 - F1 Score = 0.0134
2024-04-23 09:46:16,475 - Precision = 0.8000
2024-04-23 09:46:16,475 - Recall = 0.0067
2024-04-23 09:46:16,486 - Probabilities of randomly chosen items: [0.23510708 0.26826055 0.26979505 0.27255064 0.29194949]
2024-04-23 09:50:06,573 - n = 30.0000
2024-04-23 09:50:06,573 - F1 Score = 0.0153
2024-04-23 09:50:06,573 - Precision = 0.7667
2024-04-23 09:50:06,573 - Recall = 0.0077
2024-04-23 09:50:06,584 - Probabilities of randomly chosen items: [0.21809912 0.23451193 0.25951815 0.26314367 0.27274098]
2024-04-23 09:54:38,201 - n = 35.0000
2024-04-23 09:54:38,201 - F1 Score = 0.0173
2024-04-23 09:54:38,202 - Precision = 0.7429
2024-04-23 09:54:38,202 - Recall = 0.0088
2024-04-23 09:54:38,212 - Probabilities of randomly chosen items: [0.23096508 0.23636487 0.27049933 0.27225782 0.27669686]
2024-04-23 09:58:09,306 - n = 40.0000
2024-04-23 09:58:09,306 - F1 Score = 0.0193
2024-04-23 09:58:09,306 - Precision = 0.7250
2024-04-23 09:58:09,306 - Recall = 0.0098
2024-04-23 09:58:09,317 - Probabilities of randomly chosen items: [0.20012692 0.20984761 0.2333464  0.27154771 0.27350359]
2024-04-23 10:02:02,670 - n = 45.0000
2024-04-23 10:02:02,670 - F1 Score = 0.0219
2024-04-23 10:02:02,670 - Precision = 0.7333
2024-04-23 10:02:02,670 - Recall = 0.0111
2024-04-23 10:02:02,681 - Probabilities of randomly chosen items: [0.20451464 0.21756323 0.26972351 0.27228178 0.28399987]
2024-04-23 10:04:42,602 - n = 50.0000
2024-04-23 10:04:42,603 - F1 Score = 0.0238
2024-04-23 10:04:42,603 - Precision = 0.7200
2024-04-23 10:04:42,603 - Recall = 0.0121
2024-04-23 10:04:42,614 - Probabilities of randomly chosen items: [0.21940261 0.22156787 0.23536903 0.27019672 0.2723665 ]
2024-04-23 10:07:36,734 - n = 55.0000
2024-04-23 10:07:36,734 - F1 Score = 0.0251
2024-04-23 10:07:36,734 - Precision = 0.6909
2024-04-23 10:07:36,734 - Recall = 0.0128
2024-04-23 10:07:36,745 - Probabilities of randomly chosen items: [0.25053525 0.26544458 0.27103294 0.27146668 0.27427401]
2024-04-23 10:10:00,864 - n = 60.0000
2024-04-23 10:10:00,865 - F1 Score = 0.0271
2024-04-23 10:10:00,865 - Precision = 0.6833
2024-04-23 10:10:00,865 - Recall = 0.0138
2024-04-23 10:10:00,876 - Probabilities of randomly chosen items: [0.20024957 0.25620775 0.2690116  0.27203319 0.27735888]
2024-04-23 10:12:40,566 - n = 65.0000
2024-04-23 10:12:40,566 - F1 Score = 0.0296
2024-04-23 10:12:40,566 - Precision = 0.6923
2024-04-23 10:12:40,566 - Recall = 0.0151
2024-04-23 10:12:40,577 - Probabilities of randomly chosen items: [0.22382795 0.26824472 0.26905386 0.26967282 0.27156081]
2024-04-23 10:14:31,424 - n = 70.0000
2024-04-23 10:14:31,425 - F1 Score = 0.0322
2024-04-23 10:14:31,425 - Precision = 0.7000
2024-04-23 10:14:31,425 - Recall = 0.0165
2024-04-23 10:14:31,436 - Probabilities of randomly chosen items: [0.22147281 0.2608381  0.2637996  0.2743644  0.27647716]
2024-04-23 10:16:33,905 - n = 75.0000
2024-04-23 10:16:33,905 - F1 Score = 0.0335
2024-04-23 10:16:33,905 - Precision = 0.6800
2024-04-23 10:16:33,905 - Recall = 0.0172
2024-04-23 10:16:33,916 - Probabilities of randomly chosen items: [0.26141512 0.26925165 0.27058448 0.27097381 0.27249287]
2024-04-23 10:18:38,078 - n = 80.0000
2024-04-23 10:18:38,078 - F1 Score = 0.0354
2024-04-23 10:18:38,078 - Precision = 0.6750
2024-04-23 10:18:38,078 - Recall = 0.0182
2024-04-23 10:18:38,089 - Probabilities of randomly chosen items: [0.2053436  0.24850924 0.26677563 0.2705121  0.27325729]
2024-04-23 10:20:39,041 - n = 85.0000
2024-04-23 10:20:39,042 - F1 Score = 0.0373
2024-04-23 10:20:39,042 - Precision = 0.6706
2024-04-23 10:20:39,042 - Recall = 0.0192
2024-04-23 10:20:39,053 - Probabilities of randomly chosen items: [0.21733666 0.25285627 0.25521039 0.26942688 0.27099927]
2024-04-23 10:23:05,544 - n = 90.0000
2024-04-23 10:23:05,545 - F1 Score = 0.0392
2024-04-23 10:23:05,545 - Precision = 0.6667
2024-04-23 10:23:05,545 - Recall = 0.0202
2024-04-23 10:23:05,556 - Probabilities of randomly chosen items: [0.21539805 0.23186639 0.27048471 0.27121098 0.2747251 ]
2024-04-23 10:25:14,686 - n = 95.0000
2024-04-23 10:25:14,687 - F1 Score = 0.0424
2024-04-23 10:25:14,687 - Precision = 0.6842
2024-04-23 10:25:14,687 - Recall = 0.0219
2024-04-23 10:25:14,698 - Probabilities of randomly chosen items: [0.20753392 0.22286732 0.27552882 0.27749944 0.27795157]
2024-04-23 10:27:31,895 - n = 100.0000
2024-04-23 10:27:31,896 - F1 Score = 0.0449
2024-04-23 10:27:31,896 - Precision = 0.6900
2024-04-23 10:27:31,896 - Recall = 0.0232
2024-04-23 10:27:31,907 - Probabilities of randomly chosen items: [0.26956884 0.27298744 0.27852925 0.27886721 0.27889537]
2024-04-23 10:29:25,013 - n = 105.0000
2024-04-23 10:29:25,013 - F1 Score = 0.0475
2024-04-23 10:29:25,013 - Precision = 0.6952
2024-04-23 10:29:25,013 - Recall = 0.0246
2024-04-23 10:29:25,025 - Probabilities of randomly chosen items: [0.24028615 0.24269087 0.26965312 0.27175836 0.27271833]
2024-04-23 10:31:06,833 - n = 110.0000
2024-04-23 10:31:06,834 - F1 Score = 0.0493
2024-04-23 10:31:06,834 - Precision = 0.6909
2024-04-23 10:31:06,834 - Recall = 0.0256
2024-04-23 10:31:06,845 - Probabilities of randomly chosen items: [0.21538204 0.2156011  0.23229144 0.25394077 0.27640764]
2024-04-23 10:33:10,870 - n = 115.0000
2024-04-23 10:33:10,870 - F1 Score = 0.0518
2024-04-23 10:33:10,870 - Precision = 0.6957
2024-04-23 10:33:10,870 - Recall = 0.0269
2024-04-23 10:33:10,881 - Probabilities of randomly chosen items: [0.20079624 0.22374225 0.25973212 0.27063098 0.27905137]
2024-04-23 10:34:38,978 - n = 120.0000
2024-04-23 10:34:38,978 - F1 Score = 0.0537
2024-04-23 10:34:38,978 - Precision = 0.6917
2024-04-23 10:34:38,978 - Recall = 0.0279
2024-04-23 10:34:38,989 - Probabilities of randomly chosen items: [0.21785331 0.24097605 0.26987287 0.27200125 0.2724219 ]
2024-04-23 10:36:02,735 - n = 125.0000
2024-04-23 10:36:02,736 - F1 Score = 0.0562
2024-04-23 10:36:02,736 - Precision = 0.6960
2024-04-23 10:36:02,736 - Recall = 0.0293
2024-04-23 10:36:02,747 - Probabilities of randomly chosen items: [0.24349878 0.26734673 0.27016418 0.2710272  0.27738898]
2024-04-23 10:38:11,486 - n = 130.0000
2024-04-23 10:38:11,487 - F1 Score = 0.0574
2024-04-23 10:38:11,487 - Precision = 0.6846
2024-04-23 10:38:11,487 - Recall = 0.0300
2024-04-23 10:38:11,498 - Probabilities of randomly chosen items: [0.22034985 0.26664279 0.27415283 0.27979881 0.28057316]
2024-04-23 10:39:51,346 - n = 135.0000
2024-04-23 10:39:51,346 - F1 Score = 0.0592
2024-04-23 10:39:51,346 - Precision = 0.6815
2024-04-23 10:39:51,346 - Recall = 0.0310
2024-04-23 10:39:51,357 - Probabilities of randomly chosen items: [0.20445233 0.21724804 0.2689679  0.27557222 0.27843325]
2024-04-23 10:41:30,664 - n = 140.0000
2024-04-23 10:41:30,665 - F1 Score = 0.0617
2024-04-23 10:41:30,665 - Precision = 0.6857
2024-04-23 10:41:30,665 - Recall = 0.0323
2024-04-23 10:41:30,676 - Probabilities of randomly chosen items: [0.23386252 0.27151376 0.27710335 0.28095412 0.28188595]
2024-04-23 10:42:54,308 - n = 145.0000
2024-04-23 10:42:54,308 - F1 Score = 0.0635
2024-04-23 10:42:54,308 - Precision = 0.6828
2024-04-23 10:42:54,308 - Recall = 0.0333
2024-04-23 10:42:54,320 - Probabilities of randomly chosen items: [0.26977725 0.27330555 0.2795183  0.28399437 0.32475504]
2024-04-23 10:45:06,012 - n = 150.0000
2024-04-23 10:45:06,012 - F1 Score = 0.0660
2024-04-23 10:45:06,012 - Precision = 0.6867
2024-04-23 10:45:06,012 - Recall = 0.0347
2024-04-23 10:45:06,031 - Probabilities of randomly chosen items: [0.23948278 0.24538051 0.26450119 0.28453428 0.29898071]
2024-04-23 10:46:53,938 - n = 155.0000
2024-04-23 10:46:53,938 - F1 Score = 0.0678
2024-04-23 10:46:53,938 - Precision = 0.6839
2024-04-23 10:46:53,938 - Recall = 0.0357
2024-04-23 10:46:53,950 - Probabilities of randomly chosen items: [0.20705707 0.25138822 0.2696681  0.27312052 0.27531975]
2024-04-23 10:48:51,798 - n = 160.0000
2024-04-23 10:48:51,798 - F1 Score = 0.0696
2024-04-23 10:48:51,798 - Precision = 0.6813
2024-04-23 10:48:51,798 - Recall = 0.0367
2024-04-23 10:48:51,809 - Probabilities of randomly chosen items: [0.26934428 0.26992026 0.27055227 0.27328557 0.27603196]
2024-04-23 10:50:18,690 - n = 165.0000
2024-04-23 10:50:18,690 - F1 Score = 0.0721
2024-04-23 10:50:18,690 - Precision = 0.6848
2024-04-23 10:50:18,690 - Recall = 0.0380
2024-04-23 10:50:18,701 - Probabilities of randomly chosen items: [0.21767173 0.23812913 0.24931904 0.27144413 0.28593856]
2024-04-23 10:51:51,310 - n = 170.0000
2024-04-23 10:51:51,310 - F1 Score = 0.0751
2024-04-23 10:51:51,310 - Precision = 0.6941
2024-04-23 10:51:51,310 - Recall = 0.0397
2024-04-23 10:51:51,322 - Probabilities of randomly chosen items: [0.21764713 0.23444585 0.27036592 0.28434824 0.4092356 ]
2024-04-23 10:52:58,188 - n = 175.0000
2024-04-23 10:52:58,188 - F1 Score = 0.0782
2024-04-23 10:52:58,188 - Precision = 0.7029
2024-04-23 10:52:58,188 - Recall = 0.0414
2024-04-23 10:52:58,200 - Probabilities of randomly chosen items: [0.21067495 0.25175117 0.26990736 0.28298322 0.28958843]
2024-04-23 10:54:21,595 - n = 180.0000
2024-04-23 10:54:21,595 - F1 Score = 0.0806
2024-04-23 10:54:21,595 - Precision = 0.7056
2024-04-23 10:54:21,595 - Recall = 0.0427
2024-04-23 10:54:21,607 - Probabilities of randomly chosen items: [0.2512255  0.27236799 0.27950783 0.28523949 0.35431502]
2024-04-23 10:55:36,206 - n = 185.0000
2024-04-23 10:55:36,206 - F1 Score = 0.0830
2024-04-23 10:55:36,206 - Precision = 0.7043
2024-04-23 10:55:36,207 - Recall = 0.0441
2024-04-23 10:55:36,218 - Probabilities of randomly chosen items: [0.2713113  0.27178974 0.28100655 0.2865755  0.2905178 ]
2024-04-23 10:57:07,616 - n = 190.0000
2024-04-23 10:57:07,617 - F1 Score = 0.0860
2024-04-23 10:57:07,617 - Precision = 0.7120
2024-04-23 10:57:07,617 - Recall = 0.0458
2024-04-23 10:57:07,628 - Probabilities of randomly chosen items: [0.20586652 0.24068221 0.27360513 0.27794994 0.32592562]
2024-04-23 10:58:25,299 - n = 195.0000
2024-04-23 10:58:25,299 - F1 Score = 0.0891
2024-04-23 10:58:25,299 - Precision = 0.7231
2024-04-23 10:58:25,300 - Recall = 0.0475
2024-04-23 10:58:25,311 - Probabilities of randomly chosen items: [0.2118175  0.22763678 0.2352603  0.28357175 0.2884478 ]
2024-04-23 10:59:18,361 - n = 200.0000
2024-04-23 10:59:18,361 - F1 Score = 0.0921
2024-04-23 10:59:18,361 - Precision = 0.7300
2024-04-23 10:59:18,361 - Recall = 0.0491
2024-04-23 10:59:18,373 - Probabilities of randomly chosen items: [0.26600216 0.26824704 0.26984363 0.27576868 0.27999401]
2024-04-23 11:00:16,177 - n = 205.0000
2024-04-23 11:00:16,177 - F1 Score = 0.0945
2024-04-23 11:00:16,177 - Precision = 0.7317
2024-04-23 11:00:16,177 - Recall = 0.0505
2024-04-23 11:00:16,189 - Probabilities of randomly chosen items: [0.20098805 0.22995149 0.27125475 0.28112739 0.28944788]
2024-04-23 11:01:23,262 - n = 210.0000
2024-04-23 11:01:23,262 - F1 Score = 0.0962
2024-04-23 11:01:23,262 - Precision = 0.7286
2024-04-23 11:01:23,262 - Recall = 0.0515
2024-04-23 11:01:23,274 - Probabilities of randomly chosen items: [0.25009609 0.27004535 0.27062985 0.27650175 0.28275949]
2024-04-23 11:02:30,657 - n = 215.0000
2024-04-23 11:02:30,657 - F1 Score = 0.0979
2024-04-23 11:02:30,657 - Precision = 0.7256
2024-04-23 11:02:30,657 - Recall = 0.0525
2024-04-23 11:02:30,669 - Probabilities of randomly chosen items: [0.2585896  0.27937657 0.28328363 0.29481095 0.3012336 ]
2024-04-23 11:03:34,031 - n = 220.0000
2024-04-23 11:03:34,031 - F1 Score = 0.0997
2024-04-23 11:03:34,031 - Precision = 0.7227
2024-04-23 11:03:34,032 - Recall = 0.0535
2024-04-23 11:03:34,043 - Probabilities of randomly chosen items: [0.26277244 0.270084   0.27059492 0.27337871 0.27427389]
2024-04-23 11:04:33,545 - n = 225.0000
2024-04-23 11:04:33,546 - F1 Score = 0.1014
2024-04-23 11:04:33,546 - Precision = 0.7200
2024-04-23 11:04:33,546 - Recall = 0.0545
2024-04-23 11:04:33,557 - Probabilities of randomly chosen items: [0.22725101 0.2725417  0.28568399 0.28584667 0.30148913]
2024-04-23 11:05:49,011 - n = 230.0000
2024-04-23 11:05:49,011 - F1 Score = 0.1037
2024-04-23 11:05:49,011 - Precision = 0.7217
2024-04-23 11:05:49,011 - Recall = 0.0559
2024-04-23 11:05:49,023 - Probabilities of randomly chosen items: [0.22270652 0.23001717 0.27221879 0.27862437 0.29665451]
2024-04-23 11:06:55,400 - n = 235.0000
2024-04-23 11:06:55,400 - F1 Score = 0.1067
2024-04-23 11:06:55,400 - Precision = 0.7277
2024-04-23 11:06:55,400 - Recall = 0.0576
2024-04-23 11:06:55,412 - Probabilities of randomly chosen items: [0.20274397 0.21606122 0.22673758 0.27060436 0.28543246]
2024-04-23 11:07:54,628 - n = 240.0000
2024-04-23 11:07:54,628 - F1 Score = 0.1084
2024-04-23 11:07:54,629 - Precision = 0.7250
2024-04-23 11:07:54,629 - Recall = 0.0586
2024-04-23 11:07:54,640 - Probabilities of randomly chosen items: [0.23953915 0.2583952  0.26411223 0.26955026 0.26973006]
2024-04-23 11:09:04,935 - n = 245.0000
2024-04-23 11:09:04,935 - F1 Score = 0.1095
2024-04-23 11:09:04,935 - Precision = 0.7184
2024-04-23 11:09:04,935 - Recall = 0.0592
2024-04-23 11:09:04,947 - Probabilities of randomly chosen items: [0.23443017 0.24073168 0.24506721 0.27685779 0.28179708]
2024-04-23 11:10:12,322 - n = 250.0000
2024-04-23 11:10:12,322 - F1 Score = 0.1118
2024-04-23 11:10:12,323 - Precision = 0.7200
2024-04-23 11:10:12,323 - Recall = 0.0606
2024-04-23 11:10:12,334 - Probabilities of randomly chosen items: [0.20367007 0.21877511 0.22887503 0.28379781 0.31174297]
2024-04-23 11:10:59,193 - n = 255.0000
2024-04-23 11:10:59,193 - F1 Score = 0.1141
2024-04-23 11:10:59,193 - Precision = 0.7216
2024-04-23 11:10:59,193 - Recall = 0.0619
2024-04-23 11:10:59,205 - Probabilities of randomly chosen items: [0.24551204 0.24756905 0.27852307 0.28921193 0.29026947]
2024-04-23 11:12:02,799 - n = 260.0000
2024-04-23 11:12:02,800 - F1 Score = 0.1170
2024-04-23 11:12:02,800 - Precision = 0.7269
2024-04-23 11:12:02,800 - Recall = 0.0636
2024-04-23 11:12:02,811 - Probabilities of randomly chosen items: [0.20657571 0.23213962 0.28191387 0.28657774 0.29395123]
2024-04-23 11:12:57,281 - n = 265.0000
2024-04-23 11:12:57,281 - F1 Score = 0.1187
2024-04-23 11:12:57,281 - Precision = 0.7245
2024-04-23 11:12:57,281 - Recall = 0.0646
2024-04-23 11:12:57,293 - Probabilities of randomly chosen items: [0.21622736 0.27780639 0.28081747 0.28442608 0.30738457]
2024-04-23 11:13:59,176 - n = 270.0000
2024-04-23 11:13:59,177 - F1 Score = 0.1197
2024-04-23 11:13:59,177 - Precision = 0.7185
2024-04-23 11:13:59,177 - Recall = 0.0653
2024-04-23 11:13:59,188 - Probabilities of randomly chosen items: [0.22080355 0.27107354 0.27921078 0.28627276 0.29228852]
2024-04-23 11:14:50,175 - n = 275.0000
2024-04-23 11:14:50,176 - F1 Score = 0.1214
2024-04-23 11:14:50,176 - Precision = 0.7164
2024-04-23 11:14:50,176 - Recall = 0.0663
2024-04-23 11:14:50,187 - Probabilities of randomly chosen items: [0.21816045 0.24055136 0.27042956 0.29635945 0.32385215]
2024-04-23 11:15:36,381 - n = 280.0000
2024-04-23 11:15:36,381 - F1 Score = 0.1243
2024-04-23 11:15:36,381 - Precision = 0.7214
2024-04-23 11:15:36,381 - Recall = 0.0680
2024-04-23 11:15:36,393 - Probabilities of randomly chosen items: [0.20576662 0.21642736 0.27720316 0.29685318 0.30322036]
2024-04-23 11:16:24,554 - n = 285.0000
2024-04-23 11:16:24,555 - F1 Score = 0.1259
2024-04-23 11:16:24,555 - Precision = 0.7168
2024-04-23 11:16:24,555 - Recall = 0.0690
2024-04-23 11:16:24,566 - Probabilities of randomly chosen items: [0.26080891 0.27051908 0.27704095 0.27871657 0.29482094]
2024-04-23 11:17:06,322 - n = 290.0000
2024-04-23 11:17:06,323 - F1 Score = 0.1281
2024-04-23 11:17:06,323 - Precision = 0.7182
2024-04-23 11:17:06,323 - Recall = 0.0703
2024-04-23 11:17:06,334 - Probabilities of randomly chosen items: [0.20962968 0.27524716 0.2804258  0.28682936 0.3021256 ]
2024-04-23 11:17:51,896 - n = 295.0000
2024-04-23 11:17:51,897 - F1 Score = 0.1310
2024-04-23 11:17:51,897 - Precision = 0.7254
2024-04-23 11:17:51,897 - Recall = 0.0720
2024-04-23 11:17:51,907 - Probabilities of randomly chosen items: [0.20204996 0.23225265 0.24005897 0.27356744 0.28011965]
2024-04-23 11:18:44,359 - n = 300.0000
2024-04-23 11:18:44,359 - F1 Score = 0.1327
2024-04-23 11:18:44,359 - Precision = 0.7233
2024-04-23 11:18:44,359 - Recall = 0.0730
2024-04-23 11:18:44,371 - Probabilities of randomly chosen items: [0.2446273  0.28083024 0.28249771 0.28736779 0.29404423]
2024-04-23 11:19:29,691 - n = 305.0000
2024-04-23 11:19:29,692 - F1 Score = 0.1349
2024-04-23 11:19:29,692 - Precision = 0.7222
2024-04-23 11:19:29,692 - Recall = 0.0744
2024-04-23 11:19:29,703 - Probabilities of randomly chosen items: [0.27055105 0.27214692 0.28072129 0.28734082 0.28856395]
2024-04-23 11:20:18,503 - n = 310.0000
2024-04-23 11:20:18,503 - F1 Score = 0.1377
2024-04-23 11:20:18,503 - Precision = 0.7267
2024-04-23 11:20:18,503 - Recall = 0.0761
2024-04-23 11:20:18,515 - Probabilities of randomly chosen items: [0.25029014 0.27807984 0.28012997 0.28479183 0.33788594]
2024-04-23 11:21:02,207 - n = 315.0000
2024-04-23 11:21:02,207 - F1 Score = 0.1399
2024-04-23 11:21:02,207 - Precision = 0.7278
2024-04-23 11:21:02,207 - Recall = 0.0774
2024-04-23 11:21:02,217 - Probabilities of randomly chosen items: [0.25013126 0.27033003 0.27323098 0.27753982 0.28131561]
2024-04-23 11:22:01,245 - n = 320.0000
2024-04-23 11:22:01,245 - F1 Score = 0.1416
2024-04-23 11:22:01,245 - Precision = 0.7259
2024-04-23 11:22:01,245 - Recall = 0.0784
2024-04-23 11:22:01,257 - Probabilities of randomly chosen items: [0.23188701 0.23619658 0.27348151 0.27642193 0.29918911]
2024-04-23 11:22:45,139 - n = 325.0000
2024-04-23 11:22:45,139 - F1 Score = 0.1438
2024-04-23 11:22:45,139 - Precision = 0.7270
2024-04-23 11:22:45,139 - Recall = 0.0798
2024-04-23 11:22:45,151 - Probabilities of randomly chosen items: [0.21100621 0.27036333 0.28045578 0.29001224 0.29963941]
2024-04-23 11:23:29,710 - n = 330.0000
2024-04-23 11:23:29,710 - F1 Score = 0.1460
2024-04-23 11:23:29,710 - Precision = 0.7281
2024-04-23 11:23:29,710 - Recall = 0.0811
2024-04-23 11:23:29,722 - Probabilities of randomly chosen items: [0.20067863 0.25916176 0.27512579 0.29502395 0.33880155]
2024-04-23 11:24:20,281 - n = 335.0000
2024-04-23 11:24:20,281 - F1 Score = 0.1488
2024-04-23 11:24:20,281 - Precision = 0.7321
2024-04-23 11:24:20,281 - Recall = 0.0828
2024-04-23 11:24:20,293 - Probabilities of randomly chosen items: [0.21803055 0.26981966 0.27908322 0.27916757 0.29490837]
2024-04-23 11:25:11,138 - n = 340.0000
2024-04-23 11:25:11,138 - F1 Score = 0.1504
2024-04-23 11:25:11,138 - Precision = 0.7302
2024-04-23 11:25:11,138 - Recall = 0.0838
2024-04-23 11:25:11,150 - Probabilities of randomly chosen items: [0.27025291 0.27269926 0.29773453 0.31396389 0.32362835]
2024-04-23 11:25:49,893 - n = 345.0000
2024-04-23 11:25:49,893 - F1 Score = 0.1513
2024-04-23 11:25:49,893 - Precision = 0.7254
2024-04-23 11:25:49,893 - Recall = 0.0845
2024-04-23 11:25:49,903 - Probabilities of randomly chosen items: [0.22622146 0.26021002 0.27342813 0.27676991 0.36713119]
2024-04-23 11:26:29,337 - n = 350.0000
2024-04-23 11:26:29,338 - F1 Score = 0.1535
2024-04-23 11:26:29,338 - Precision = 0.7265
2024-04-23 11:26:29,338 - Recall = 0.0858
2024-04-23 11:26:29,349 - Probabilities of randomly chosen items: [0.20007661 0.27043497 0.28646282 0.29649167 0.31413687]
2024-04-23 11:27:11,954 - n = 355.0000
2024-04-23 11:27:11,954 - F1 Score = 0.1562
2024-04-23 11:27:11,955 - Precision = 0.7283
2024-04-23 11:27:11,955 - Recall = 0.0875
2024-04-23 11:27:11,967 - Probabilities of randomly chosen items: [0.25198927 0.26914015 0.27133279 0.28238996 0.2839287 ]
2024-04-23 11:27:58,179 - n = 360.0000
2024-04-23 11:27:58,179 - F1 Score = 0.1584
2024-04-23 11:27:58,179 - Precision = 0.7293
2024-04-23 11:27:58,179 - Recall = 0.0889
2024-04-23 11:27:58,190 - Probabilities of randomly chosen items: [0.24339607 0.28078609 0.28346636 0.29587763 0.31392308]
2024-04-23 11:28:39,173 - n = 365.0000
2024-04-23 11:28:39,173 - F1 Score = 0.1606
2024-04-23 11:28:39,173 - Precision = 0.7302
2024-04-23 11:28:39,173 - Recall = 0.0902
2024-04-23 11:28:39,185 - Probabilities of randomly chosen items: [0.26531508 0.28616749 0.2931943  0.29688921 0.29761297]
2024-04-23 11:29:22,021 - n = 370.0000
2024-04-23 11:29:22,021 - F1 Score = 0.1627
2024-04-23 11:29:22,021 - Precision = 0.7312
2024-04-23 11:29:22,021 - Recall = 0.0916
2024-04-23 11:29:22,034 - Probabilities of randomly chosen items: [0.27426931 0.28346934 0.29863505 0.30782822 0.40111307]
2024-04-23 11:30:14,159 - n = 375.0000
2024-04-23 11:30:14,159 - F1 Score = 0.1643
2024-04-23 11:30:14,159 - Precision = 0.7314
2024-04-23 11:30:14,159 - Recall = 0.0926
2024-04-23 11:30:14,172 - Probabilities of randomly chosen items: [0.23290456 0.27007797 0.27191208 0.29234261 0.29309652]
2024-04-23 11:30:58,257 - n = 380.0000
2024-04-23 11:30:58,258 - F1 Score = 0.1664
2024-04-23 11:30:58,258 - Precision = 0.7304
2024-04-23 11:30:58,258 - Recall = 0.0939
2024-04-23 11:30:58,270 - Probabilities of randomly chosen items: [0.28141524 0.28304887 0.28710259 0.29232688 0.30244461]
2024-04-23 11:31:37,636 - n = 385.0000
2024-04-23 11:31:37,636 - F1 Score = 0.1680
2024-04-23 11:31:37,636 - Precision = 0.7306
2024-04-23 11:31:37,637 - Recall = 0.0949
2024-04-23 11:31:37,649 - Probabilities of randomly chosen items: [0.2077492  0.22696182 0.270918   0.27667511 0.29552381]
2024-04-23 11:32:19,152 - n = 390.0000
2024-04-23 11:32:19,152 - F1 Score = 0.1707
2024-04-23 11:32:19,153 - Precision = 0.7321
2024-04-23 11:32:19,153 - Recall = 0.0966
2024-04-23 11:32:19,165 - Probabilities of randomly chosen items: [0.20412574 0.21318651 0.21887851 0.31007363 0.42161468]
2024-04-23 11:33:02,894 - n = 395.0000
2024-04-23 11:33:02,895 - F1 Score = 0.1728
2024-04-23 11:33:02,895 - Precision = 0.7330
2024-04-23 11:33:02,895 - Recall = 0.0979
2024-04-23 11:33:02,907 - Probabilities of randomly chosen items: [0.21346839 0.284135   0.31226205 0.32260201 0.33792911]
2024-04-23 11:33:50,962 - n = 400.0000
2024-04-23 11:33:50,962 - F1 Score = 0.1737
2024-04-23 11:33:50,962 - Precision = 0.7289
2024-04-23 11:33:50,962 - Recall = 0.0986
2024-04-23 11:33:50,974 - Probabilities of randomly chosen items: [0.22235807 0.26952979 0.27273163 0.28028479 0.31431633]
2024-04-23 11:34:40,896 - n = 405.0000
2024-04-23 11:34:40,896 - F1 Score = 0.1758
2024-04-23 11:34:40,896 - Precision = 0.7297
2024-04-23 11:34:40,896 - Recall = 0.1000
2024-04-23 11:34:40,909 - Probabilities of randomly chosen items: [0.2392351  0.24198988 0.24869851 0.28395083 0.28800858]
2024-04-23 11:35:33,234 - n = 410.0000
2024-04-23 11:35:33,234 - F1 Score = 0.1774
2024-04-23 11:35:33,234 - Precision = 0.7282
2024-04-23 11:35:33,234 - Recall = 0.1010
2024-04-23 11:35:33,246 - Probabilities of randomly chosen items: [0.26907587 0.27436719 0.27582869 0.27611976 0.28447307]
2024-04-23 11:36:20,328 - n = 415.0000
2024-04-23 11:36:20,328 - F1 Score = 0.1795
2024-04-23 11:36:20,328 - Precision = 0.7290
2024-04-23 11:36:20,328 - Recall = 0.1023
2024-04-23 11:36:20,338 - Probabilities of randomly chosen items: [0.20359075 0.24950498 0.27833213 0.2967792  0.32229606]
2024-04-23 11:37:20,252 - n = 420.0000
2024-04-23 11:37:20,252 - F1 Score = 0.1810
2024-04-23 11:37:20,252 - Precision = 0.7275
2024-04-23 11:37:20,252 - Recall = 0.1033
2024-04-23 11:37:20,265 - Probabilities of randomly chosen items: [0.23266987 0.23462114 0.27528449 0.27691031 0.28243248]
2024-04-23 11:38:02,056 - n = 425.0000
2024-04-23 11:38:02,057 - F1 Score = 0.1819
2024-04-23 11:38:02,057 - Precision = 0.7237
2024-04-23 11:38:02,057 - Recall = 0.1040
2024-04-23 11:38:02,069 - Probabilities of randomly chosen items: [0.24842596 0.26952887 0.27769911 0.28160729 0.29178441]
2024-04-23 11:38:50,507 - n = 430.0000
2024-04-23 11:38:50,507 - F1 Score = 0.1840
2024-04-23 11:38:50,507 - Precision = 0.7245
2024-04-23 11:38:50,507 - Recall = 0.1054
2024-04-23 11:38:50,519 - Probabilities of randomly chosen items: [0.23540429 0.24029625 0.27149226 0.28378968 0.28468894]
2024-04-23 11:39:41,187 - n = 435.0000
2024-04-23 11:39:41,187 - F1 Score = 0.1860
2024-04-23 11:39:41,187 - Precision = 0.7254
2024-04-23 11:39:41,187 - Recall = 0.1067
2024-04-23 11:39:41,200 - Probabilities of randomly chosen items: [0.27338377 0.28631457 0.28880646 0.34284834 0.44884532]
2024-04-23 11:40:18,058 - n = 440.0000
2024-04-23 11:40:18,059 - F1 Score = 0.1876
2024-04-23 11:40:18,059 - Precision = 0.7256
2024-04-23 11:40:18,059 - Recall = 0.1077
2024-04-23 11:40:18,069 - Probabilities of randomly chosen items: [0.2124739  0.27073661 0.27724093 0.28206338 0.28246039]
2024-04-23 11:41:00,531 - n = 445.0000
2024-04-23 11:41:00,531 - F1 Score = 0.1879
2024-04-23 11:41:00,531 - Precision = 0.7197
2024-04-23 11:41:00,531 - Recall = 0.1080
2024-04-23 11:41:00,544 - Probabilities of randomly chosen items: [0.201052   0.22811988 0.29568667 0.29697396 0.30073577]
2024-04-23 11:41:36,471 - n = 450.0000
2024-04-23 11:41:36,472 - F1 Score = 0.1911
2024-04-23 11:41:36,472 - Precision = 0.7235
2024-04-23 11:41:36,472 - Recall = 0.1101
2024-04-23 11:41:36,484 - Probabilities of randomly chosen items: [0.21273608 0.21289328 0.22898017 0.29942123 0.31191799]
2024-04-23 11:42:16,737 - n = 455.0000
2024-04-23 11:42:16,737 - F1 Score = 0.1925
2024-04-23 11:42:16,737 - Precision = 0.7221
2024-04-23 11:42:16,737 - Recall = 0.1111
2024-04-23 11:42:16,747 - Probabilities of randomly chosen items: [0.23766724 0.27200618 0.27616551 0.28957201 0.32072518]
2024-04-23 11:42:55,212 - n = 460.0000
2024-04-23 11:42:55,212 - F1 Score = 0.1935
2024-04-23 11:42:55,212 - Precision = 0.7202
2024-04-23 11:42:55,212 - Recall = 0.1117
2024-04-23 11:42:55,225 - Probabilities of randomly chosen items: [0.2466236  0.27865535 0.29687612 0.31315167 0.31346965]
2024-04-23 11:43:46,090 - n = 465.0000
2024-04-23 11:43:46,091 - F1 Score = 0.1955
2024-04-23 11:43:46,091 - Precision = 0.7210
2024-04-23 11:43:46,091 - Recall = 0.1131
2024-04-23 11:43:46,103 - Probabilities of randomly chosen items: [0.20599594 0.24440653 0.27782602 0.28949624 0.36799624]
2024-04-23 11:44:31,864 - n = 470.0000
2024-04-23 11:44:31,865 - F1 Score = 0.1976
2024-04-23 11:44:31,865 - Precision = 0.7219
2024-04-23 11:44:31,865 - Recall = 0.1144
2024-04-23 11:44:31,877 - Probabilities of randomly chosen items: [0.21129757 0.27385187 0.27775252 0.29970247 0.30074249]
2024-04-23 11:45:20,143 - n = 475.0000
2024-04-23 11:45:20,143 - F1 Score = 0.1979
2024-04-23 11:45:20,143 - Precision = 0.7164
2024-04-23 11:45:20,143 - Recall = 0.1148
2024-04-23 11:45:20,154 - Probabilities of randomly chosen items: [0.21552365 0.28319966 0.29058817 0.29381657 0.31075809]
2024-04-23 11:46:00,606 - n = 480.0000
2024-04-23 11:46:00,606 - F1 Score = 0.1993
2024-04-23 11:46:00,606 - Precision = 0.7152
2024-04-23 11:46:00,606 - Recall = 0.1158
2024-04-23 11:46:00,619 - Probabilities of randomly chosen items: [0.21994777 0.29825651 0.29843914 0.2994975  0.3193265 ]
2024-04-23 11:46:41,732 - n = 485.0000
2024-04-23 11:46:41,732 - F1 Score = 0.2008
2024-04-23 11:46:41,732 - Precision = 0.7140
2024-04-23 11:46:41,732 - Recall = 0.1168
2024-04-23 11:46:41,745 - Probabilities of randomly chosen items: [0.21586062 0.27155639 0.28260507 0.3485244  0.35692492]
2024-04-23 11:47:23,038 - n = 490.0000
2024-04-23 11:47:23,038 - F1 Score = 0.2022
2024-04-23 11:47:23,038 - Precision = 0.7128
2024-04-23 11:47:23,038 - Recall = 0.1178
2024-04-23 11:47:23,049 - Probabilities of randomly chosen items: [0.20546727 0.23339427 0.25474255 0.28063723 0.44284643]
2024-04-23 11:47:47,368 - n = 495.0000
2024-04-23 11:47:47,368 - F1 Score = 0.2042
2024-04-23 11:47:47,368 - Precision = 0.7137
2024-04-23 11:47:47,368 - Recall = 0.1192
2024-04-23 11:47:47,380 - Probabilities of randomly chosen items: [0.24141233 0.26699393 0.28038912 0.30249178 0.35168881]
2024-04-23 11:48:30,296 - n = 500.0000
2024-04-23 11:48:30,297 - F1 Score = 0.2067
2024-04-23 11:48:30,297 - Precision = 0.7151
2024-04-23 11:48:30,297 - Recall = 0.1208
2024-04-23 11:48:30,310 - Probabilities of randomly chosen items: [0.29244121 0.30202527 0.30208604 0.30537176 0.33532906]
2024-04-23 11:49:17,642 - n = 505.0000
2024-04-23 11:49:17,642 - F1 Score = 0.2076
2024-04-23 11:49:17,642 - Precision = 0.7120
2024-04-23 11:49:17,642 - Recall = 0.1215
2024-04-23 11:49:17,652 - Probabilities of randomly chosen items: [0.24804615 0.29188356 0.32008363 0.34067672 0.38455325]
2024-04-23 11:49:57,032 - n = 510.0000
2024-04-23 11:49:57,032 - F1 Score = 0.2090
2024-04-23 11:49:57,032 - Precision = 0.7109
2024-04-23 11:49:57,032 - Recall = 0.1225
2024-04-23 11:49:57,045 - Probabilities of randomly chosen items: [0.20985781 0.27839577 0.28467353 0.29723388 0.30326111]
2024-04-23 11:50:29,606 - n = 515.0000
2024-04-23 11:50:29,606 - F1 Score = 0.2110
2024-04-23 11:50:29,606 - Precision = 0.7118
2024-04-23 11:50:29,606 - Recall = 0.1239
2024-04-23 11:50:29,619 - Probabilities of randomly chosen items: [0.23902511 0.28502387 0.28773765 0.33828777 0.4110103 ]
2024-04-23 11:51:08,316 - n = 520.0000
2024-04-23 11:51:08,316 - F1 Score = 0.2124
2024-04-23 11:51:08,316 - Precision = 0.7107
2024-04-23 11:51:08,316 - Recall = 0.1249
2024-04-23 11:51:08,327 - Probabilities of randomly chosen items: [0.24447679 0.27413852 0.29921165 0.30811105 0.37996308]
2024-04-23 11:51:45,340 - n = 525.0000
2024-04-23 11:51:45,340 - F1 Score = 0.2138
2024-04-23 11:51:45,340 - Precision = 0.7083
2024-04-23 11:51:45,340 - Recall = 0.1259
2024-04-23 11:51:45,353 - Probabilities of randomly chosen items: [0.28574617 0.28868857 0.3692612  0.381518   0.43428549]
2024-04-23 11:52:28,341 - n = 530.0000
2024-04-23 11:52:28,341 - F1 Score = 0.2162
2024-04-23 11:52:28,341 - Precision = 0.7084
2024-04-23 11:52:28,341 - Recall = 0.1276
2024-04-23 11:52:28,354 - Probabilities of randomly chosen items: [0.21316423 0.22592059 0.25656178 0.32056226 0.33657079]
2024-04-23 11:53:06,446 - n = 535.0000
2024-04-23 11:53:06,446 - F1 Score = 0.2176
2024-04-23 11:53:06,446 - Precision = 0.7074
2024-04-23 11:53:06,446 - Recall = 0.1286
2024-04-23 11:53:06,457 - Probabilities of randomly chosen items: [0.27163426 0.28782524 0.31518808 0.34413263 0.36983042]
2024-04-23 11:53:44,607 - n = 540.0000
2024-04-23 11:53:44,608 - F1 Score = 0.2206
2024-04-23 11:53:44,608 - Precision = 0.7093
2024-04-23 11:53:44,608 - Recall = 0.1306
2024-04-23 11:53:44,620 - Probabilities of randomly chosen items: [0.21042298 0.21515498 0.27803677 0.33089687 0.42141683]
2024-04-23 11:54:20,164 - n = 545.0000
2024-04-23 11:54:20,164 - F1 Score = 0.2225
2024-04-23 11:54:20,164 - Precision = 0.7089
2024-04-23 11:54:20,164 - Recall = 0.1319
2024-04-23 11:54:20,175 - Probabilities of randomly chosen items: [0.27559765 0.29036631 0.29141846 0.29848981 0.30153819]
2024-04-23 11:54:51,722 - n = 550.0000
2024-04-23 11:54:51,723 - F1 Score = 0.2229
2024-04-23 11:54:51,723 - Precision = 0.7068
2024-04-23 11:54:51,723 - Recall = 0.1323
2024-04-23 11:54:51,736 - Probabilities of randomly chosen items: [0.25003221 0.27012497 0.27398405 0.27563134 0.27705145]
2024-04-23 11:55:20,114 - n = 555.0000
2024-04-23 11:55:20,114 - F1 Score = 0.2236
2024-04-23 11:55:20,114 - Precision = 0.7028
2024-04-23 11:55:20,114 - Recall = 0.1330
2024-04-23 11:55:20,125 - Probabilities of randomly chosen items: [0.20228493 0.27321899 0.28090867 0.28506269 0.3177785 ]
2024-04-23 11:55:56,448 - n = 560.0000
2024-04-23 11:55:56,448 - F1 Score = 0.2261
2024-04-23 11:55:56,448 - Precision = 0.7055
2024-04-23 11:55:56,448 - Recall = 0.1346
2024-04-23 11:55:56,461 - Probabilities of randomly chosen items: [0.20445866 0.23995851 0.28687515 0.28732544 0.28904449]
2024-04-23 11:56:21,149 - n = 565.0000
2024-04-23 11:56:21,149 - F1 Score = 0.2269
2024-04-23 11:56:21,149 - Precision = 0.7016
2024-04-23 11:56:21,150 - Recall = 0.1353
2024-04-23 11:56:21,160 - Probabilities of randomly chosen items: [0.27228099 0.29029796 0.31683477 0.31692553 0.32210788]
2024-04-23 11:56:48,415 - n = 570.0000
2024-04-23 11:56:48,415 - F1 Score = 0.2289
2024-04-23 11:56:48,415 - Precision = 0.7036
2024-04-23 11:56:48,415 - Recall = 0.1367
2024-04-23 11:56:48,428 - Probabilities of randomly chosen items: [0.20872686 0.212447   0.27400604 0.27703367 0.35982162]
2024-04-23 11:57:21,687 - n = 575.0000
2024-04-23 11:57:21,687 - F1 Score = 0.2317
2024-04-23 11:57:21,687 - Precision = 0.7043
2024-04-23 11:57:21,687 - Recall = 0.1387
2024-04-23 11:57:21,699 - Probabilities of randomly chosen items: [0.23847263 0.29307784 0.30449905 0.35846877 0.59738032]
2024-04-23 11:58:05,258 - n = 580.0000
2024-04-23 11:58:05,259 - F1 Score = 0.2327
2024-04-23 11:58:05,259 - Precision = 0.7053
2024-04-23 11:58:05,259 - Recall = 0.1393
2024-04-23 11:58:05,270 - Probabilities of randomly chosen items: [0.27192109 0.29310902 0.30767189 0.31646269 0.37917619]
2024-04-23 11:58:41,157 - n = 585.0000
2024-04-23 11:58:41,158 - F1 Score = 0.2346
2024-04-23 11:58:41,158 - Precision = 0.7061
2024-04-23 11:58:41,158 - Recall = 0.1407
2024-04-23 11:58:41,181 - Probabilities of randomly chosen items: [0.21357141 0.23374992 0.24173553 0.24943179 0.29598147]
2024-04-23 11:59:15,211 - n = 590.0000
2024-04-23 11:59:15,211 - F1 Score = 0.2376
2024-04-23 11:59:15,211 - Precision = 0.7090
2024-04-23 11:59:15,211 - Recall = 0.1427
2024-04-23 11:59:15,224 - Probabilities of randomly chosen items: [0.23507492 0.25254005 0.28451847 0.34073752 0.34976392]
2024-04-23 11:59:44,341 - n = 595.0000
2024-04-23 11:59:44,341 - F1 Score = 0.2395
2024-04-23 11:59:44,341 - Precision = 0.7098
2024-04-23 11:59:44,341 - Recall = 0.1441
2024-04-23 11:59:44,353 - Probabilities of randomly chosen items: [0.22641441 0.27723015 0.29048832 0.33130288 0.35855046]
2024-04-23 12:00:18,954 - n = 600.0000
2024-04-23 12:00:18,954 - F1 Score = 0.2414
2024-04-23 12:00:18,954 - Precision = 0.7105
2024-04-23 12:00:18,954 - Recall = 0.1454
2024-04-23 12:00:18,967 - Probabilities of randomly chosen items: [0.21841052 0.26500144 0.27676089 0.29344222 0.29506928]
2024-04-23 12:00:55,001 - n = 605.0000
2024-04-23 12:00:55,001 - F1 Score = 0.2423
2024-04-23 12:00:55,002 - Precision = 0.7103
2024-04-23 12:00:55,002 - Recall = 0.1461
2024-04-23 12:00:55,013 - Probabilities of randomly chosen items: [0.27410233 0.28673932 0.28677249 0.31928102 0.33039229]
2024-04-23 12:01:23,565 - n = 610.0000
2024-04-23 12:01:23,565 - F1 Score = 0.2437
2024-04-23 12:01:23,565 - Precision = 0.7106
2024-04-23 12:01:23,565 - Recall = 0.1471
2024-04-23 12:01:23,578 - Probabilities of randomly chosen items: [0.24087887 0.28071614 0.29214727 0.35799288 0.36734072]
2024-04-23 12:01:53,965 - n = 615.0000
2024-04-23 12:01:53,965 - F1 Score = 0.2455
2024-04-23 12:01:53,965 - Precision = 0.7101
2024-04-23 12:01:53,965 - Recall = 0.1484
2024-04-23 12:01:53,977 - Probabilities of randomly chosen items: [0.25880434 0.29900589 0.31457494 0.32762886 0.33466805]
2024-04-23 12:02:24,455 - n = 620.0000
2024-04-23 12:02:24,455 - F1 Score = 0.2453
2024-04-23 12:02:24,455 - Precision = 0.7056
2024-04-23 12:02:24,455 - Recall = 0.1484
2024-04-23 12:02:24,469 - Probabilities of randomly chosen items: [0.22364401 0.2330183  0.26642487 0.29667981 0.40356781]
2024-04-23 12:02:52,121 - n = 625.0000
2024-04-23 12:02:52,121 - F1 Score = 0.2486
2024-04-23 12:02:52,121 - Precision = 0.7077
2024-04-23 12:02:52,121 - Recall = 0.1508
2024-04-23 12:02:52,133 - Probabilities of randomly chosen items: [0.2485352  0.26457322 0.28072052 0.31999221 0.32343805]
2024-04-23 12:03:29,867 - n = 630.0000
2024-04-23 12:03:29,867 - F1 Score = 0.2490
2024-04-23 12:03:29,867 - Precision = 0.7060
2024-04-23 12:03:29,867 - Recall = 0.1511
2024-04-23 12:03:29,881 - Probabilities of randomly chosen items: [0.24167733 0.2866245  0.29743251 0.335697   0.36333289]
2024-04-23 12:03:58,403 - n = 635.0000
2024-04-23 12:03:58,403 - F1 Score = 0.2502
2024-04-23 12:03:58,403 - Precision = 0.7040
2024-04-23 12:03:58,403 - Recall = 0.1521
2024-04-23 12:03:58,415 - Probabilities of randomly chosen items: [0.22837788 0.26916853 0.27712202 0.31318583 0.32437504]
2024-04-23 12:04:36,903 - n = 640.0000
2024-04-23 12:04:36,903 - F1 Score = 0.2499
2024-04-23 12:04:36,903 - Precision = 0.6997
2024-04-23 12:04:36,903 - Recall = 0.1521
2024-04-23 12:04:36,916 - Probabilities of randomly chosen items: [0.27761495 0.28195252 0.31522281 0.31745762 0.35008956]
2024-04-23 12:05:03,323 - n = 645.0000
2024-04-23 12:05:03,323 - F1 Score = 0.2521
2024-04-23 12:05:03,323 - Precision = 0.6988
2024-04-23 12:05:03,323 - Recall = 0.1538
2024-04-23 12:05:03,335 - Probabilities of randomly chosen items: [0.22851053 0.23341018 0.27029618 0.30500499 0.33855393]
2024-04-23 12:05:42,282 - n = 650.0000
2024-04-23 12:05:42,283 - F1 Score = 0.2534
2024-04-23 12:05:42,283 - Precision = 0.6970
2024-04-23 12:05:42,283 - Recall = 0.1548
2024-04-23 12:05:42,296 - Probabilities of randomly chosen items: [0.27334841 0.27476497 0.29722815 0.35473489 0.40910311]
2024-04-23 12:06:16,508 - n = 655.0000
2024-04-23 12:06:16,508 - F1 Score = 0.2552
2024-04-23 12:06:16,508 - Precision = 0.6977
2024-04-23 12:06:16,508 - Recall = 0.1562
2024-04-23 12:06:16,521 - Probabilities of randomly chosen items: [0.29723537 0.31462932 0.3498153  0.3683339  0.36889932]
2024-04-23 12:06:40,363 - n = 660.0000
2024-04-23 12:06:40,363 - F1 Score = 0.2565
2024-04-23 12:06:40,363 - Precision = 0.6970
2024-04-23 12:06:40,363 - Recall = 0.1572
2024-04-23 12:06:40,375 - Probabilities of randomly chosen items: [0.27666495 0.29023753 0.29315515 0.38513401 0.40350857]
2024-04-23 12:07:04,518 - n = 665.0000
2024-04-23 12:07:04,518 - F1 Score = 0.2589
2024-04-23 12:07:04,518 - Precision = 0.6993
2024-04-23 12:07:04,518 - Recall = 0.1589
2024-04-23 12:07:04,530 - Probabilities of randomly chosen items: [0.30630291 0.32718106 0.33056264 0.35213268 0.54905776]
2024-04-23 12:07:35,930 - n = 670.0000
2024-04-23 12:07:35,930 - F1 Score = 0.2592
2024-04-23 12:07:35,930 - Precision = 0.6976
2024-04-23 12:07:35,930 - Recall = 0.1592
2024-04-23 12:07:35,943 - Probabilities of randomly chosen items: [0.27730093 0.29130473 0.30158492 0.3045636  0.32914298]
2024-04-23 12:08:03,812 - n = 675.0000
2024-04-23 12:08:03,812 - F1 Score = 0.2601
2024-04-23 12:08:03,812 - Precision = 0.6965
2024-04-23 12:08:03,812 - Recall = 0.1599
2024-04-23 12:08:03,824 - Probabilities of randomly chosen items: [0.2278801  0.237738   0.29373914 0.36865796 0.38051078]
2024-04-23 12:08:34,844 - n = 680.0000
2024-04-23 12:08:34,844 - F1 Score = 0.2607
2024-04-23 12:08:34,844 - Precision = 0.6923
2024-04-23 12:08:34,844 - Recall = 0.1606
2024-04-23 12:08:34,857 - Probabilities of randomly chosen items: [0.24411484 0.26523035 0.27888562 0.29778807 0.43763084]
2024-04-23 12:09:02,790 - n = 685.0000
2024-04-23 12:09:02,790 - F1 Score = 0.2613
2024-04-23 12:09:02,790 - Precision = 0.6892
2024-04-23 12:09:02,790 - Recall = 0.1612
2024-04-23 12:09:02,802 - Probabilities of randomly chosen items: [0.20841624 0.29103612 0.292361   0.3022597  0.51928957]
2024-04-23 12:09:28,563 - n = 690.0000
2024-04-23 12:09:28,563 - F1 Score = 0.2626
2024-04-23 12:09:28,563 - Precision = 0.6886
2024-04-23 12:09:28,563 - Recall = 0.1622
2024-04-23 12:09:28,577 - Probabilities of randomly chosen items: [0.26909362 0.26953824 0.29722495 0.3491443  0.56482895]
2024-04-23 12:10:02,790 - n = 695.0000
2024-04-23 12:10:02,790 - F1 Score = 0.2634
2024-04-23 12:10:02,790 - Precision = 0.6875
2024-04-23 12:10:02,790 - Recall = 0.1629
2024-04-23 12:10:02,802 - Probabilities of randomly chosen items: [0.28113203 0.29411094 0.30116645 0.3193308  0.3892942 ]
2024-04-23 12:10:42,845 - n = 700.0000
2024-04-23 12:10:42,845 - F1 Score = 0.2647
2024-04-23 12:10:42,845 - Precision = 0.6869
2024-04-23 12:10:42,845 - Recall = 0.1639
2024-04-23 12:10:42,859 - Probabilities of randomly chosen items: [0.20290321 0.21700789 0.2389886  0.27368468 0.28303067]
2024-04-23 12:11:14,446 - n = 705.0000
2024-04-23 12:11:14,446 - F1 Score = 0.2674
2024-04-23 12:11:14,446 - Precision = 0.6876
2024-04-23 12:11:14,446 - Recall = 0.1659
2024-04-23 12:11:14,460 - Probabilities of randomly chosen items: [0.21857669 0.26960166 0.2727633  0.29907297 0.31375233]
2024-04-23 12:11:41,615 - n = 710.0000
2024-04-23 12:11:41,615 - F1 Score = 0.2675
2024-04-23 12:11:41,615 - Precision = 0.6842
2024-04-23 12:11:41,615 - Recall = 0.1663
2024-04-23 12:11:41,627 - Probabilities of randomly chosen items: [0.21653211 0.21758956 0.28464291 0.29908594 0.43195686]
2024-04-23 12:12:13,376 - n = 715.0000
2024-04-23 12:12:13,377 - F1 Score = 0.2683
2024-04-23 12:12:13,377 - Precision = 0.6823
2024-04-23 12:12:13,377 - Recall = 0.1669
2024-04-23 12:12:13,391 - Probabilities of randomly chosen items: [0.29233423 0.29865608 0.32265668 0.34003451 0.34558664]
2024-04-23 12:12:40,687 - n = 720.0000
2024-04-23 12:12:40,687 - F1 Score = 0.2707
2024-04-23 12:12:40,687 - Precision = 0.6854
2024-04-23 12:12:40,687 - Recall = 0.1686
2024-04-23 12:12:40,699 - Probabilities of randomly chosen items: [0.23640363 0.28145976 0.28533455 0.31928508 0.374353  ]
2024-04-23 12:13:12,408 - n = 725.0000
2024-04-23 12:13:12,408 - F1 Score = 0.2714
2024-04-23 12:13:12,408 - Precision = 0.6834
2024-04-23 12:13:12,408 - Recall = 0.1693
2024-04-23 12:13:12,420 - Probabilities of randomly chosen items: [0.27341866 0.29008244 0.31891142 0.3327984  0.33344201]
2024-04-23 12:13:48,448 - n = 730.0000
2024-04-23 12:13:48,449 - F1 Score = 0.2716
2024-04-23 12:13:48,449 - Precision = 0.6811
2024-04-23 12:13:48,449 - Recall = 0.1696
2024-04-23 12:13:48,463 - Probabilities of randomly chosen items: [0.27737147 0.32117487 0.33683433 0.34459597 0.60795225]
2024-04-23 12:14:24,715 - n = 735.0000
2024-04-23 12:14:24,715 - F1 Score = 0.2719
2024-04-23 12:14:24,715 - Precision = 0.6797
2024-04-23 12:14:24,716 - Recall = 0.1700
2024-04-23 12:14:24,730 - Probabilities of randomly chosen items: [0.24425223 0.24644347 0.26989837 0.29305104 0.33735359]
2024-04-23 12:14:59,365 - n = 740.0000
2024-04-23 12:14:59,365 - F1 Score = 0.2736
2024-04-23 12:14:59,366 - Precision = 0.6787
2024-04-23 12:14:59,366 - Recall = 0.1713
2024-04-23 12:14:59,378 - Probabilities of randomly chosen items: [0.23105655 0.29491558 0.33852655 0.36061501 0.36736248]
2024-04-23 12:15:32,006 - n = 745.0000
2024-04-23 12:15:32,007 - F1 Score = 0.2758
2024-04-23 12:15:32,007 - Precision = 0.6799
2024-04-23 12:15:32,007 - Recall = 0.1730
2024-04-23 12:15:32,021 - Probabilities of randomly chosen items: [0.28445014 0.31124198 0.35463681 0.35602916 0.35663221]
2024-04-23 12:16:07,201 - n = 750.0000
2024-04-23 12:16:07,201 - F1 Score = 0.2761
2024-04-23 12:16:07,201 - Precision = 0.6785
2024-04-23 12:16:07,201 - Recall = 0.1733
2024-04-23 12:16:07,213 - Probabilities of randomly chosen items: [0.225745   0.26767688 0.27220651 0.28008906 0.32440883]
2024-04-23 12:16:39,496 - n = 755.0000
2024-04-23 12:16:39,496 - F1 Score = 0.2778
2024-04-23 12:16:39,496 - Precision = 0.6775
2024-04-23 12:16:39,496 - Recall = 0.1747
2024-04-23 12:16:39,510 - Probabilities of randomly chosen items: [0.23742113 0.27706513 0.29687941 0.30088667 0.32647763]
2024-04-23 12:17:15,252 - n = 760.0000
2024-04-23 12:17:15,253 - F1 Score = 0.2799
2024-04-23 12:17:15,253 - Precision = 0.6779
2024-04-23 12:17:15,253 - Recall = 0.1764
2024-04-23 12:17:15,266 - Probabilities of randomly chosen items: [0.20904252 0.26243497 0.27273523 0.3544921  0.43524325]
2024-04-23 12:17:43,055 - n = 765.0000
2024-04-23 12:17:43,055 - F1 Score = 0.2817
2024-04-23 12:17:43,056 - Precision = 0.6787
2024-04-23 12:17:43,056 - Recall = 0.1777
2024-04-23 12:17:43,068 - Probabilities of randomly chosen items: [0.22107049 0.27091689 0.34567329 0.38934857 0.47305922]
2024-04-23 12:18:11,335 - n = 770.0000
2024-04-23 12:18:11,335 - F1 Score = 0.2824
2024-04-23 12:18:11,335 - Precision = 0.6769
2024-04-23 12:18:11,335 - Recall = 0.1784
2024-04-23 12:18:11,348 - Probabilities of randomly chosen items: [0.25936169 0.30885386 0.3172908  0.36706102 0.39687112]
2024-04-23 12:18:40,941 - n = 775.0000
2024-04-23 12:18:40,941 - F1 Score = 0.2835
2024-04-23 12:18:40,941 - Precision = 0.6755
2024-04-23 12:18:40,941 - Recall = 0.1794
2024-04-23 12:18:40,955 - Probabilities of randomly chosen items: [0.27754689 0.28664462 0.30414163 0.33028189 0.37080543]
2024-04-23 12:19:02,301 - n = 780.0000
2024-04-23 12:19:02,301 - F1 Score = 0.2834
2024-04-23 12:19:02,301 - Precision = 0.6738
2024-04-23 12:19:02,301 - Recall = 0.1794
2024-04-23 12:19:02,313 - Probabilities of randomly chosen items: [0.26745589 0.27411887 0.28741387 0.31178984 0.36808949]
2024-04-23 12:19:28,930 - n = 785.0000
2024-04-23 12:19:28,930 - F1 Score = 0.2846
2024-04-23 12:19:28,930 - Precision = 0.6734
2024-04-23 12:19:28,930 - Recall = 0.1804
2024-04-23 12:19:28,944 - Probabilities of randomly chosen items: [0.21177613 0.27617937 0.27885886 0.30796856 0.32939633]
2024-04-23 12:19:50,752 - n = 790.0000
2024-04-23 12:19:50,752 - F1 Score = 0.2858
2024-04-23 12:19:50,752 - Precision = 0.6729
2024-04-23 12:19:50,752 - Recall = 0.1814
2024-04-23 12:19:50,764 - Probabilities of randomly chosen items: [0.25341131 0.27906976 0.28168818 0.28805983 0.32943526]
2024-04-23 12:20:22,034 - n = 795.0000
2024-04-23 12:20:22,035 - F1 Score = 0.2875
2024-04-23 12:20:22,035 - Precision = 0.6737
2024-04-23 12:20:22,035 - Recall = 0.1828
2024-04-23 12:20:22,049 - Probabilities of randomly chosen items: [0.20005448 0.23782727 0.2827803  0.31868246 0.45159188]
2024-04-23 12:20:50,152 - n = 800.0000
2024-04-23 12:20:50,152 - F1 Score = 0.2874
2024-04-23 12:20:50,152 - Precision = 0.6720
2024-04-23 12:20:50,152 - Recall = 0.1828
2024-04-23 12:20:50,164 - Probabilities of randomly chosen items: [0.22940207 0.30213068 0.31290195 0.35566014 0.35665102]
2024-04-23 12:21:19,525 - n = 805.0000
2024-04-23 12:21:19,525 - F1 Score = 0.2896
2024-04-23 12:21:19,525 - Precision = 0.6732
2024-04-23 12:21:19,525 - Recall = 0.1844
2024-04-23 12:21:19,539 - Probabilities of randomly chosen items: [0.21734048 0.27661986 0.28460746 0.34646437 0.40599585]
2024-04-23 12:21:57,203 - n = 810.0000
2024-04-23 12:21:57,203 - F1 Score = 0.2906
2024-04-23 12:21:57,203 - Precision = 0.6711
2024-04-23 12:21:57,203 - Recall = 0.1855
2024-04-23 12:21:57,216 - Probabilities of randomly chosen items: [0.33301937 0.34410628 0.35712919 0.38257868 0.40841353]
2024-04-23 12:22:32,173 - n = 815.0000
2024-04-23 12:22:32,174 - F1 Score = 0.2908
2024-04-23 12:22:32,174 - Precision = 0.6683
2024-04-23 12:22:32,174 - Recall = 0.1858
2024-04-23 12:22:32,189 - Probabilities of randomly chosen items: [0.20746651 0.25427395 0.28363776 0.30620369 0.37019007]
2024-04-23 12:23:01,535 - n = 820.0000
2024-04-23 12:23:01,535 - F1 Score = 0.2914
2024-04-23 12:23:01,535 - Precision = 0.6667
2024-04-23 12:23:01,535 - Recall = 0.1865
2024-04-23 12:23:01,548 - Probabilities of randomly chosen items: [0.2671069  0.27197825 0.27221617 0.32967844 0.34058272]
2024-04-23 12:23:26,785 - n = 825.0000
2024-04-23 12:23:26,785 - F1 Score = 0.2931
2024-04-23 12:23:26,785 - Precision = 0.6675
2024-04-23 12:23:26,785 - Recall = 0.1878
2024-04-23 12:23:26,800 - Probabilities of randomly chosen items: [0.2268788  0.28548943 0.3496229  0.37675013 0.45424997]
2024-04-23 12:23:56,563 - n = 830.0000
2024-04-23 12:23:56,563 - F1 Score = 0.2948
2024-04-23 12:23:56,563 - Precision = 0.6675
2024-04-23 12:23:56,563 - Recall = 0.1892
2024-04-23 12:23:56,576 - Probabilities of randomly chosen items: [0.2129456  0.22157107 0.30129202 0.32293589 0.38018467]
2024-04-23 12:24:27,509 - n = 835.0000
2024-04-23 12:24:27,509 - F1 Score = 0.2958
2024-04-23 12:24:27,509 - Precision = 0.6655
2024-04-23 12:24:27,509 - Recall = 0.1902
2024-04-23 12:24:27,524 - Probabilities of randomly chosen items: [0.25706111 0.27349454 0.2743672  0.27914334 0.30570425]
2024-04-23 12:24:58,002 - n = 840.0000
2024-04-23 12:24:58,002 - F1 Score = 0.2975
2024-04-23 12:24:58,002 - Precision = 0.6663
2024-04-23 12:24:58,002 - Recall = 0.1915
2024-04-23 12:24:58,014 - Probabilities of randomly chosen items: [0.23762146 0.24656132 0.27160052 0.36211994 0.38625501]
2024-04-23 12:25:25,523 - n = 845.0000
2024-04-23 12:25:25,524 - F1 Score = 0.2986
2024-04-23 12:25:25,524 - Precision = 0.6651
2024-04-23 12:25:25,524 - Recall = 0.1925
2024-04-23 12:25:25,538 - Probabilities of randomly chosen items: [0.20313689 0.24058977 0.25357044 0.34142831 0.4605742 ]
2024-04-23 12:25:52,412 - n = 850.0000
2024-04-23 12:25:52,412 - F1 Score = 0.2996
2024-04-23 12:25:52,412 - Precision = 0.6624
2024-04-23 12:25:52,412 - Recall = 0.1935
2024-04-23 12:25:52,425 - Probabilities of randomly chosen items: [0.25527442 0.28610071 0.29360466 0.30494294 0.34898263]
2024-04-23 12:26:17,901 - n = 855.0000
2024-04-23 12:26:17,901 - F1 Score = 0.3027
2024-04-23 12:26:17,901 - Precision = 0.6659
2024-04-23 12:26:17,901 - Recall = 0.1959
2024-04-23 12:26:17,916 - Probabilities of randomly chosen items: [0.25539619 0.28211558 0.28300616 0.41491642 0.4588876 ]
2024-04-23 12:26:43,036 - n = 860.0000
2024-04-23 12:26:43,036 - F1 Score = 0.3023
2024-04-23 12:26:43,036 - Precision = 0.6621
2024-04-23 12:26:43,036 - Recall = 0.1959
2024-04-23 12:26:43,048 - Probabilities of randomly chosen items: [0.27810565 0.27864202 0.29924851 0.32691807 0.3521338 ]
2024-04-23 12:27:06,008 - n = 865.0000
2024-04-23 12:27:06,008 - F1 Score = 0.3025
2024-04-23 12:27:06,008 - Precision = 0.6595
2024-04-23 12:27:06,008 - Recall = 0.1962
2024-04-23 12:27:06,021 - Probabilities of randomly chosen items: [0.20353665 0.26938462 0.28443024 0.34234668 0.48843889]
2024-04-23 12:27:30,985 - n = 870.0000
2024-04-23 12:27:30,985 - F1 Score = 0.3027
2024-04-23 12:27:30,985 - Precision = 0.6577
2024-04-23 12:27:30,985 - Recall = 0.1966
2024-04-23 12:27:30,999 - Probabilities of randomly chosen items: [0.214347   0.23507074 0.24782454 0.31348305 0.38446167]
2024-04-23 12:27:58,063 - n = 875.0000
2024-04-23 12:27:58,064 - F1 Score = 0.3032
2024-04-23 12:27:58,064 - Precision = 0.6547
2024-04-23 12:27:58,064 - Recall = 0.1972
2024-04-23 12:27:58,076 - Probabilities of randomly chosen items: [0.24122327 0.26417131 0.30068835 0.34269832 0.40672884]
2024-04-23 12:28:25,544 - n = 880.0000
2024-04-23 12:28:25,544 - F1 Score = 0.3041
2024-04-23 12:28:25,544 - Precision = 0.6523
2024-04-23 12:28:25,544 - Recall = 0.1982
2024-04-23 12:28:25,559 - Probabilities of randomly chosen items: [0.21168584 0.24473875 0.29380245 0.31726669 0.32786985]
2024-04-23 12:28:50,536 - n = 885.0000
2024-04-23 12:28:50,536 - F1 Score = 0.3054
2024-04-23 12:28:50,536 - Precision = 0.6534
2024-04-23 12:28:50,536 - Recall = 0.1993
2024-04-23 12:28:50,549 - Probabilities of randomly chosen items: [0.22638055 0.25897917 0.28371324 0.30728753 0.32802075]
2024-04-23 12:29:16,366 - n = 890.0000
2024-04-23 12:29:16,366 - F1 Score = 0.3063
2024-04-23 12:29:16,366 - Precision = 0.6542
2024-04-23 12:29:16,366 - Recall = 0.1999
2024-04-23 12:29:16,381 - Probabilities of randomly chosen items: [0.22396906 0.28704553 0.29018156 0.2906067  0.31215709]
2024-04-23 12:29:49,710 - n = 895.0000
2024-04-23 12:29:49,710 - F1 Score = 0.3080
2024-04-23 12:29:49,710 - Precision = 0.6518
2024-04-23 12:29:49,710 - Recall = 0.2016
2024-04-23 12:29:49,723 - Probabilities of randomly chosen items: [0.23147937 0.28577695 0.29407977 0.38477756 0.39040593]
2024-04-23 12:30:22,482 - n = 900.0000
2024-04-23 12:30:22,482 - F1 Score = 0.3084
2024-04-23 12:30:22,482 - Precision = 0.6483
2024-04-23 12:30:22,483 - Recall = 0.2023
2024-04-23 12:30:22,497 - Probabilities of randomly chosen items: [0.24475761 0.31144511 0.31243326 0.38266178 0.42162082]
2024-04-23 12:30:49,859 - n = 905.0000
2024-04-23 12:30:49,859 - F1 Score = 0.3098
2024-04-23 12:30:49,859 - Precision = 0.6509
2024-04-23 12:30:49,859 - Recall = 0.2033
2024-04-23 12:30:49,872 - Probabilities of randomly chosen items: [0.20589427 0.30665345 0.37809272 0.44847716 0.49218824]
2024-04-23 12:31:07,443 - n = 910.0000
2024-04-23 12:31:07,443 - F1 Score = 0.3119
2024-04-23 12:31:07,443 - Precision = 0.6520
2024-04-23 12:31:07,444 - Recall = 0.2050
2024-04-23 12:31:07,578 - Probabilities of randomly chosen items: [0.29596326 0.31649761 0.3186598  0.48546211 0.52193983]
2024-04-23 12:31:30,920 - n = 915.0000
2024-04-23 12:31:30,920 - F1 Score = 0.3117
2024-04-23 12:31:30,920 - Precision = 0.6499
2024-04-23 12:31:30,920 - Recall = 0.2050
2024-04-23 12:31:30,935 - Probabilities of randomly chosen items: [0.21767053 0.23831883 0.2979273  0.31679016 0.34513004]
2024-04-23 12:31:57,425 - n = 920.0000
2024-04-23 12:31:57,425 - F1 Score = 0.3129
2024-04-23 12:31:57,425 - Precision = 0.6504
2024-04-23 12:31:57,425 - Recall = 0.2060
